#
# A fatal error has been detected by the Java Runtime Environment:
#
#  EXCEPTION_ACCESS_VIOLATION (0xc0000005) at pc=0x0000022f86aa1066, pid=7288, tid=8264
#
# JRE version: OpenJDK Runtime Environment AdoptOpenJDK (11.0.8+10) (build 11.0.8+10)
# Java VM: OpenJDK 64-Bit Server VM AdoptOpenJDK (11.0.8+10, mixed mode, tiered, compressed oops, g1 gc, windows-amd64)
# Problematic frame:
# C  [OpenAL64.dll+0x11066]
#
# No core dump will be written. Minidumps are not enabled by default on client versions of Windows
#
# If you would like to submit a bug report, please visit:
#   https://github.com/AdoptOpenJDK/openjdk-support/issues
# The crash happened outside the Java Virtual Machine in native code.
# See problematic frame for where to report the bug.
#

---------------  S U M M A R Y ------------

Command Line: -Duser.language=es_AR -Dfile.encoding=UTF-8 org.uqbar.project.wollok.launch.WollokLauncher -requestsPort 0 -eventsPort 0 -folder -dontValidate -wf src/game.wpgm -darkMode

Host: AMD Ryzen 7 3800X 8-Core Processor             , 16 cores, 31G,  Windows 10 , 64 bit Build 19041 (10.0.19041.546)
Time: Wed Nov  4 18:09:43 2020 Hora estándar de Argentina elapsed time: 1 seconds (0d 0h 0m 1s)

---------------  T H R E A D  ---------------

Current thread (0x0000022fd137b800):  JavaThread "main" [_thread_in_native, id=8264, stack(0x000000b544400000,0x000000b544500000)]

Stack: [0x000000b544400000,0x000000b544500000],  sp=0x000000b5444fb0d0,  free space=1004k
Native frames: (J=compiled Java code, j=interpreted, Vv=VM code, C=native code)
C  [OpenAL64.dll+0x11066]

Java frames: (J=compiled Java code, j=interpreted, Vv=VM code)
j  org.lwjgl.openal.ALC10.nalcCreateContext(JJ)J+0
j  org.lwjgl.openal.ALC10.alcCreateContext(Lorg/lwjgl/openal/ALCdevice;Ljava/nio/IntBuffer;)Lorg/lwjgl/openal/ALCcontext;+8
j  org.lwjgl.openal.AL.init(Ljava/lang/String;IIZZ)V+69
j  org.lwjgl.openal.AL.create(Ljava/lang/String;IIZZ)V+246
j  org.lwjgl.openal.AL.create(Ljava/lang/String;IIZ)V+5
j  org.lwjgl.openal.AL.create()V+6
j  com.badlogic.gdx.backends.lwjgl.audio.OpenALAudio.<init>(III)V+114
j  com.badlogic.gdx.backends.lwjgl.LwjglApplication.<init>(Lcom/badlogic/gdx/ApplicationListener;Lcom/badlogic/gdx/backends/lwjgl/LwjglApplicationConfiguration;Lcom/badlogic/gdx/backends/lwjgl/LwjglGraphics;)V+120
j  com.badlogic.gdx.backends.lwjgl.LwjglApplication.<init>(Lcom/badlogic/gdx/ApplicationListener;Lcom/badlogic/gdx/backends/lwjgl/LwjglApplicationConfiguration;)V+11
j  org.uqbar.project.wollok.game.gameboard.WollokGDXApplication.<init>(Lorg/uqbar/project/wollok/game/gameboard/Gameboard;Ljava/lang/Boolean;)V+17
j  org.uqbar.project.wollok.game.helpers.Application.start(Lorg/uqbar/project/wollok/game/gameboard/Gameboard;Ljava/lang/Boolean;)V+5
j  org.uqbar.project.wollok.game.gameboard.Gameboard.start(Ljava/lang/Boolean;)V+13
j  wollok.game.GameObject.doStart(Ljava/lang/Boolean;)V+12
v  ~StubRoutines::call_stub
J 4053  jdk.internal.reflect.NativeMethodAccessorImpl.invoke0(Ljava/lang/reflect/Method;Ljava/lang/Object;[Ljava/lang/Object;)Ljava/lang/Object; java.base@11.0.8 (0 bytes) @ 0x0000022fe177914f [0x0000022fe17790c0+0x000000000000008f]
J 4052 c1 jdk.internal.reflect.NativeMethodAccessorImpl.invoke(Ljava/lang/Object;[Ljava/lang/Object;)Ljava/lang/Object; java.base@11.0.8 (104 bytes) @ 0x0000022fdaa06964 [0x0000022fdaa05cc0+0x0000000000000ca4]
J 3838 c2 jdk.internal.reflect.DelegatingMethodAccessorImpl.invoke(Ljava/lang/Object;[Ljava/lang/Object;)Ljava/lang/Object; java.base@11.0.8 (10 bytes) @ 0x0000022fe175213c [0x0000022fe17520c0+0x000000000000007c]
J 4481 c1 org.uqbar.project.wollok.ui.utils.XTendUtilExtensions.invokeConvertingArgs(Ljava/lang/reflect/Method;Ljava/lang/Object;[Ljava/lang/Object;)Lorg/uqbar/project/wollok/interpreter/core/WollokObject; (368 bytes) @ 0x0000022fdab59d04 [0x0000022fdab58080+0x0000000000001c84]
J 4476 c1 org.uqbar.project.wollok.interpreter.AbstractWollokCallable._invokeNative(Ljava/lang/Object;Ljava/lang/String;[Lorg/uqbar/project/wollok/interpreter/core/WollokObject;)Lorg/uqbar/project/wollok/interpreter/core/WollokObject; (49 bytes) @ 0x0000022fdab43934 [0x0000022fdab43700+0x0000000000000234]
J 4482 c1 org.uqbar.project.wollok.interpreter.AbstractWollokCallable.invokeNative(Ljava/lang/Object;Ljava/lang/String;[Lorg/uqbar/project/wollok/interpreter/core/WollokObject;)Lorg/uqbar/project/wollok/interpreter/core/WollokObject; (76 bytes) @ 0x0000022fdab4a2e4 [0x0000022fdab49340+0x0000000000000fa4]
J 4350 c1 org.uqbar.project.wollok.interpreter.AbstractWollokCallable$1.apply()Lorg/uqbar/project/wollok/interpreter/core/WollokObject; (145 bytes) @ 0x0000022fdaaeab94 [0x0000022fdaaea480+0x0000000000000714]
J 4349 c1 org.uqbar.project.wollok.interpreter.AbstractWollokCallable$1.apply()Ljava/lang/Object; (5 bytes) @ 0x0000022fdaae45c4 [0x0000022fdaae4540+0x0000000000000084]
J 4217 c1 org.uqbar.project.wollok.interpreter.threads.WThread.performOnStack(Lorg/eclipse/emf/ecore/EObject;Lorg/uqbar/project/wollok/interpreter/context/EvaluationContext;Lorg/eclipse/xtext/xbase/lib/Functions$Function0;)Lorg/uqbar/project/wollok/interpreter/core/WollokObject; (157 bytes) @ 0x0000022fdaa89df4 [0x0000022fdaa89a80+0x0000000000000374]
J 4345 c1 org.uqbar.project.wollok.interpreter.AbstractWollokCallable.call(Lorg/uqbar/project/wollok/wollokDsl/WMethodDeclaration;[Lorg/uqbar/project/wollok/interpreter/core/WollokObject;)Lorg/uqbar/project/wollok/interpreter/core/WollokObject; (46 bytes) @ 0x0000022fdaae92d4 [0x0000022fdaae8520+0x0000000000000db4]
J 4362 c1 org.uqbar.project.wollok.interpreter.core.WollokObject.call(Ljava/lang/String;[Lorg/uqbar/project/wollok/interpreter/core/WollokObject;)Lorg/uqbar/project/wollok/interpreter/core/WollokObject; (61 bytes) @ 0x0000022fdaaf4ccc [0x0000022fdaaf45c0+0x000000000000070c]
J 4451 c1 org.uqbar.project.wollok.interpreter.WollokInterpreterEvaluator._evaluate(Lorg/uqbar/project/wollok/wollokDsl/WFeatureCall;)Lorg/uqbar/project/wollok/interpreter/core/WollokObject; (125 bytes) @ 0x0000022fdab2c394 [0x0000022fdab2ae40+0x0000000000001554]
J 4062 c1 org.uqbar.project.wollok.launch.WollokLauncherInterpreterEvaluator.evaluate(Lorg/eclipse/emf/ecore/EObject;)Lorg/uqbar/project/wollok/interpreter/core/WollokObject; (502 bytes) @ 0x0000022fdaa236ac [0x0000022fdaa1e900+0x0000000000004dac]
J 4063 c1 org.uqbar.project.wollok.interpreter.WollokInterpreter.eval(Lorg/eclipse/emf/ecore/EObject;)Lorg/uqbar/project/wollok/interpreter/core/WollokObject; (190 bytes) @ 0x0000022fdaa115dc [0x0000022fdaa10ac0+0x0000000000000b1c]
J 4394 c1 org.uqbar.project.wollok.interpreter.WollokInterpreterEvaluator$1.apply(Ljava/lang/Object;Ljava/lang/Object;)Ljava/lang/Object; (13 bytes) @ 0x0000022fdab065a4 [0x0000022fdab06200+0x00000000000003a4]
J 4213 c1 org.eclipse.xtext.xbase.lib.IteratorExtensions.fold(Ljava/util/Iterator;Ljava/lang/Object;Lorg/eclipse/xtext/xbase/lib/Functions$Function2;)Ljava/lang/Object; (30 bytes) @ 0x0000022fdaa824c4 [0x0000022fdaa82300+0x00000000000001c4]
J 4453 c1 org.uqbar.project.wollok.interpreter.WollokInterpreterEvaluator._evaluate(Lorg/uqbar/project/wollok/wollokDsl/WBlockExpression;)Lorg/uqbar/project/wollok/interpreter/core/WollokObject; (40 bytes) @ 0x0000022fdab2e2d4 [0x0000022fdab2d640+0x0000000000000c94]
J 4062 c1 org.uqbar.project.wollok.launch.WollokLauncherInterpreterEvaluator.evaluate(Lorg/eclipse/emf/ecore/EObject;)Lorg/uqbar/project/wollok/interpreter/core/WollokObject; (502 bytes) @ 0x0000022fdaa27304 [0x0000022fdaa1e900+0x0000000000008a04]
J 4063 c1 org.uqbar.project.wollok.interpreter.WollokInterpreter.eval(Lorg/eclipse/emf/ecore/EObject;)Lorg/uqbar/project/wollok/interpreter/core/WollokObject; (190 bytes) @ 0x0000022fdaa115dc [0x0000022fdaa10ac0+0x0000000000000b1c]
J 4350 c1 org.uqbar.project.wollok.interpreter.AbstractWollokCallable$1.apply()Lorg/uqbar/project/wollok/interpreter/core/WollokObject; (145 bytes) @ 0x0000022fdaaeaf14 [0x0000022fdaaea480+0x0000000000000a94]
J 4349 c1 org.uqbar.project.wollok.interpreter.AbstractWollokCallable$1.apply()Ljava/lang/Object; (5 bytes) @ 0x0000022fdaae45c4 [0x0000022fdaae4540+0x0000000000000084]
J 4217 c1 org.uqbar.project.wollok.interpreter.threads.WThread.performOnStack(Lorg/eclipse/emf/ecore/EObject;Lorg/uqbar/project/wollok/interpreter/context/EvaluationContext;Lorg/eclipse/xtext/xbase/lib/Functions$Function0;)Lorg/uqbar/project/wollok/interpreter/core/WollokObject; (157 bytes) @ 0x0000022fdaa89df4 [0x0000022fdaa89a80+0x0000000000000374]
J 4345 c1 org.uqbar.project.wollok.interpreter.AbstractWollokCallable.call(Lorg/uqbar/project/wollok/wollokDsl/WMethodDeclaration;[Lorg/uqbar/project/wollok/interpreter/core/WollokObject;)Lorg/uqbar/project/wollok/interpreter/core/WollokObject; (46 bytes) @ 0x0000022fdaae92d4 [0x0000022fdaae8520+0x0000000000000db4]
J 4362 c1 org.uqbar.project.wollok.interpreter.core.WollokObject.call(Ljava/lang/String;[Lorg/uqbar/project/wollok/interpreter/core/WollokObject;)Lorg/uqbar/project/wollok/interpreter/core/WollokObject; (61 bytes) @ 0x0000022fdaaf4ccc [0x0000022fdaaf45c0+0x000000000000070c]
J 4451 c1 org.uqbar.project.wollok.interpreter.WollokInterpreterEvaluator._evaluate(Lorg/uqbar/project/wollok/wollokDsl/WFeatureCall;)Lorg/uqbar/project/wollok/interpreter/core/WollokObject; (125 bytes) @ 0x0000022fdab2c394 [0x0000022fdab2ae40+0x0000000000001554]
J 4062 c1 org.uqbar.project.wollok.launch.WollokLauncherInterpreterEvaluator.evaluate(Lorg/eclipse/emf/ecore/EObject;)Lorg/uqbar/project/wollok/interpreter/core/WollokObject; (502 bytes) @ 0x0000022fdaa236ac [0x0000022fdaa1e900+0x0000000000004dac]
J 4063 c1 org.uqbar.project.wollok.interpreter.WollokInterpreter.eval(Lorg/eclipse/emf/ecore/EObject;)Lorg/uqbar/project/wollok/interpreter/core/WollokObject; (190 bytes) @ 0x0000022fdaa115dc [0x0000022fdaa10ac0+0x0000000000000b1c]
J 4394 c1 org.uqbar.project.wollok.interpreter.WollokInterpreterEvaluator$1.apply(Ljava/lang/Object;Ljava/lang/Object;)Ljava/lang/Object; (13 bytes) @ 0x0000022fdab065a4 [0x0000022fdab06200+0x00000000000003a4]
j  org.eclipse.xtext.xbase.lib.IteratorExtensions.fold(Ljava/util/Iterator;Ljava/lang/Object;Lorg/eclipse/xtext/xbase/lib/Functions$Function2;)Ljava/lang/Object;+19
j  org.eclipse.xtext.xbase.lib.IterableExtensions.fold(Ljava/lang/Iterable;Ljava/lang/Object;Lorg/eclipse/xtext/xbase/lib/Functions$Function2;)Ljava/lang/Object;+8
j  org.uqbar.project.wollok.interpreter.WollokInterpreterEvaluator.evalAll(Ljava/lang/Iterable;)Lorg/uqbar/project/wollok/interpreter/core/WollokObject;+12
j  org.uqbar.project.wollok.interpreter.WollokInterpreterEvaluator._evaluate(Lorg/uqbar/project/wollok/wollokDsl/WBlockExpression;)Lorg/uqbar/project/wollok/interpreter/core/WollokObject;+34
j  org.uqbar.project.wollok.launch.WollokLauncherInterpreterEvaluator.evaluate(Lorg/eclipse/emf/ecore/EObject;)Lorg/uqbar/project/wollok/interpreter/core/WollokObject;+76
j  org.uqbar.project.wollok.interpreter.WollokInterpreterEvaluator.evaluate(Lorg/eclipse/emf/ecore/EObject;)Ljava/lang/Object;+2
j  org.uqbar.project.wollok.interpreter.WollokInterpreter.eval(Lorg/eclipse/emf/ecore/EObject;)Lorg/uqbar/project/wollok/interpreter/core/WollokObject;+63
j  org.uqbar.project.wollok.interpreter.AbstractWollokCallable.eval(Lorg/eclipse/emf/ecore/EObject;)Lorg/uqbar/project/wollok/interpreter/core/WollokObject;+5
j  org.uqbar.project.wollok.interpreter.AbstractWollokCallable$1.apply()Lorg/uqbar/project/wollok/interpreter/core/WollokObject;+110
j  org.uqbar.project.wollok.interpreter.AbstractWollokCallable$1.apply()Ljava/lang/Object;+1
j  org.uqbar.project.wollok.interpreter.threads.WThread.performOnStack(Lorg/eclipse/emf/ecore/EObject;Lorg/uqbar/project/wollok/interpreter/context/EvaluationContext;Lorg/eclipse/xtext/xbase/lib/Functions$Function0;)Lorg/uqbar/project/wollok/interpreter/core/WollokObject;+29
j  org.uqbar.project.wollok.interpreter.WollokInterpreter.performOnStack(Lorg/eclipse/emf/ecore/EObject;Lorg/uqbar/project/wollok/interpreter/context/EvaluationContext;Lorg/eclipse/xtext/xbase/lib/Functions$Function0;)Lorg/uqbar/project/wollok/interpreter/core/WollokObject;+7
j  org.uqbar.project.wollok.interpreter.AbstractWollokCallable.call(Lorg/uqbar/project/wollok/wollokDsl/WMethodDeclaration;[Lorg/uqbar/project/wollok/interpreter/core/WollokObject;)Lorg/uqbar/project/wollok/interpreter/core/WollokObject;+38
j  org.uqbar.project.wollok.interpreter.core.WollokObject.call(Ljava/lang/String;[Lorg/uqbar/project/wollok/interpreter/core/WollokObject;)Lorg/uqbar/project/wollok/interpreter/core/WollokObject;+55
j  org.uqbar.project.wollok.interpreter.WollokInterpreterEvaluator._evaluate(Lorg/uqbar/project/wollok/wollokDsl/WFeatureCall;)Lorg/uqbar/project/wollok/interpreter/core/WollokObject;+119
j  org.uqbar.project.wollok.launch.WollokLauncherInterpreterEvaluator.evaluate(Lorg/eclipse/emf/ecore/EObject;)Lorg/uqbar/project/wollok/interpreter/core/WollokObject;+412
j  org.uqbar.project.wollok.interpreter.WollokInterpreterEvaluator.evaluate(Lorg/eclipse/emf/ecore/EObject;)Ljava/lang/Object;+2
j  org.uqbar.project.wollok.interpreter.WollokInterpreter.eval(Lorg/eclipse/emf/ecore/EObject;)Lorg/uqbar/project/wollok/interpreter/core/WollokObject;+63
j  org.uqbar.project.wollok.interpreter.WollokInterpreterEvaluator.eval(Lorg/eclipse/emf/ecore/EObject;)Lorg/uqbar/project/wollok/interpreter/core/WollokObject;+5
j  org.uqbar.project.wollok.interpreter.WollokInterpreterEvaluator$1.apply(Lorg/uqbar/project/wollok/interpreter/core/WollokObject;Lorg/eclipse/emf/ecore/EObject;)Lorg/uqbar/project/wollok/interpreter/core/WollokObject;+5
j  org.uqbar.project.wollok.interpreter.WollokInterpreterEvaluator$1.apply(Ljava/lang/Object;Ljava/lang/Object;)Ljava/lang/Object;+9
j  org.eclipse.xtext.xbase.lib.IteratorExtensions.fold(Ljava/util/Iterator;Ljava/lang/Object;Lorg/eclipse/xtext/xbase/lib/Functions$Function2;)Ljava/lang/Object;+19
j  org.eclipse.xtext.xbase.lib.IterableExtensions.fold(Ljava/lang/Iterable;Ljava/lang/Object;Lorg/eclipse/xtext/xbase/lib/Functions$Function2;)Ljava/lang/Object;+8
j  org.uqbar.project.wollok.interpreter.WollokInterpreterEvaluator.evalAll(Ljava/lang/Iterable;)Lorg/uqbar/project/wollok/interpreter/core/WollokObject;+12
j  org.uqbar.project.wollok.interpreter.WollokInterpreterEvaluator._evaluate(Lorg/uqbar/project/wollok/wollokDsl/WProgram;)Lorg/uqbar/project/wollok/interpreter/core/WollokObject;+18
j  org.uqbar.project.wollok.launch.WollokLauncherInterpreterEvaluator.evaluate(Lorg/eclipse/emf/ecore/EObject;)Lorg/uqbar/project/wollok/interpreter/core/WollokObject;+444
j  org.uqbar.project.wollok.interpreter.WollokInterpreterEvaluator.evaluate(Lorg/eclipse/emf/ecore/EObject;)Ljava/lang/Object;+2
j  org.uqbar.project.wollok.interpreter.WollokInterpreter.eval(Lorg/eclipse/emf/ecore/EObject;)Lorg/uqbar/project/wollok/interpreter/core/WollokObject;+63
j  org.uqbar.project.wollok.interpreter.WollokInterpreterEvaluator.eval(Lorg/eclipse/emf/ecore/EObject;)Lorg/uqbar/project/wollok/interpreter/core/WollokObject;+5
j  org.uqbar.project.wollok.launch.WollokLauncherInterpreterEvaluator._evaluate(Lorg/uqbar/project/wollok/wollokDsl/WFile;)Lorg/uqbar/project/wollok/interpreter/core/WollokObject;+32
j  org.uqbar.project.wollok.launch.WollokLauncherInterpreterEvaluator.evaluate(Lorg/eclipse/emf/ecore/EObject;)Lorg/uqbar/project/wollok/interpreter/core/WollokObject;+428
j  org.uqbar.project.wollok.interpreter.WollokInterpreterEvaluator.evaluate(Lorg/eclipse/emf/ecore/EObject;)Ljava/lang/Object;+2
j  org.uqbar.project.wollok.interpreter.WollokInterpreter.interpret(Lorg/eclipse/emf/ecore/EObject;Ljava/lang/Boolean;)Lorg/uqbar/project/wollok/interpreter/core/WollokObject;+25
j  org.uqbar.project.wollok.interpreter.WollokInterpreter.interpret(Lorg/eclipse/emf/ecore/EObject;)Lorg/uqbar/project/wollok/interpreter/core/WollokObject;+8
j  org.uqbar.project.wollok.launch.WollokLauncher.doSomething(Lorg/uqbar/project/wollok/wollokDsl/WFile;Lcom/google/inject/Injector;Ljava/io/File;Lorg/uqbar/project/wollok/launch/WollokLauncherParameters;)V+109
j  org.uqbar.project.wollok.launch.WollokChecker.launch(Ljava/lang/String;Lorg/uqbar/project/wollok/launch/WollokLauncherParameters;)V+31
j  org.uqbar.project.wollok.launch.WollokChecker.doMain([Ljava/lang/String;)V+205
j  org.uqbar.project.wollok.launch.WollokLauncher.main([Ljava/lang/String;)V+8
v  ~StubRoutines::call_stub

siginfo: EXCEPTION_ACCESS_VIOLATION (0xc0000005), reading address 0x0000022f83549004


Register to memory mapping:

RIP=0x0000022f86aa1066 OpenAL64.dll
RAX=0x0000000000000004 is an unknown value
RBX=0x0000022f87e00090 points into unknown readable memory: 02 00 00 00 01 00 00 00
RCX=0x0000022f83549008 is an unknown value
RDX=0x0000022f83549004 is an unknown value
RSP=0x000000b5444fb0d0 is pointing into the stack for thread: 0x0000022fd137b800
RBP=0x00000000000000ff is an unknown value
RSI=0x0000022f83546c2c points into unknown readable memory: ff ff ff ff
RDI=0x0 is NULL
R8 =0x00000000000008f6 is an unknown value
R9 =0x0000022f83546c2c points into unknown readable memory: ff ff ff ff
R10=0x0000022fd99eef68 is at code_begin+1000 in an Interpreter codelet
method entry point (kind = native)  [0x0000022fd99eeb80, 0x0000022fd99ef620]  2720 bytes
R11=0x000000061c0e15d0 is an oop: java.lang.Class 
{0x000000061c0e15d0} - klass: 'java/lang/Class'
R12=0x0000000000000001 is an unknown value
R13={method} {0x0000022f87ca7488} 'nalcCreateContext' '(JJ)J' in 'org/lwjgl/openal/ALC10'
R14=0x000000b5444fb270 is pointing into the stack for thread: 0x0000022fd137b800
R15=0x0000022fd137b800 is a thread


Registers:
RAX=0x0000000000000004, RBX=0x0000022f87e00090, RCX=0x0000022f83549008, RDX=0x0000022f83549004
RSP=0x000000b5444fb0d0, RBP=0x00000000000000ff, RSI=0x0000022f83546c2c, RDI=0x0000000000000000
R8 =0x00000000000008f6, R9 =0x0000022f83546c2c, R10=0x0000022fd99eef68, R11=0x000000061c0e15d0
R12=0x0000000000000001, R13=0x0000022f87ca7480, R14=0x000000b5444fb270, R15=0x0000022fd137b800
RIP=0x0000022f86aa1066, EFLAGS=0x0000000000010202

Top of Stack: (sp=0x000000b5444fb0d0)
0x000000b5444fb0d0:   0000022fd137c170 0000002800000003
0x000000b5444fb0e0:   0000022fd137b800 000000b5444fb270
0x000000b5444fb0f0:   0000022f87ca7480 00007ff9eba56619
0x000000b5444fb100:   0000000000000000 00000000000001f0
0x000000b5444fb110:   0000022fd137b800 0000022fd137b800
0x000000b5444fb120:   000000b5444fbb30 00007ff9ebc42a83
0x000000b5444fb130:   000000b5444fb150 0000022fd137b800
0x000000b5444fb140:   0000022fd137b800 000000b5444fb270
0x000000b5444fb150:   0000022f87ca7480 0000000000000000
0x000000b5444fb160:   0000022f83546c2c 00000000000001f0
0x000000b5444fb170:   000000b5444fb238 0000022f86aa248f
0x000000b5444fb180:   0000022f87e00090 0000022f87e00090
0x000000b5444fb190:   0000022f0000ac44 0000022f00000004
0x000000b5444fb1a0:   0000000000000000 0000022fd99eef97
0x000000b5444fb1b0:   0000022f87ca7480 0000022fd99eec7c
0x000000b5444fb1c0:   0000022fd137b800 0000022f87ca7480 

Instructions: (pc=0x0000022f86aa1066)
0x0000022f86aa0f66:   b0 00 00 00 0f ba a3 fc 00 00 00 1f 44 89 9c 24
0x0000022f86aa0f76:   b0 00 00 00 73 15 48 8b 83 f8 61 01 00 48 8b cb
0x0000022f86aa0f86:   ff 50 20 44 8b 9c 24 b0 00 00 00 0f ba b3 fc 00
0x0000022f86aa0f96:   00 00 1f 44 89 7b 38 44 89 6b 44 44 89 73 48 e9
0x0000022f86aa0fa6:   56 01 00 00 83 3d 4f 94 04 00 02 0f 8c 8e fe ff
0x0000022f86aa0fb6:   ff 4c 8d 05 a2 2c 03 00 e9 6f fe ff ff 48 3b d7
0x0000022f86aa0fc6:   0f 84 3f 01 00 00 39 3a 0f 84 37 01 00 00 0f ba
0x0000022f86aa0fd6:   a1 fc 00 00 00 1f 73 0a 48 8b 81 f8 61 01 00 ff
0x0000022f86aa0fe6:   50 20 8b 43 38 0f ba b3 fc 00 00 00 1f 8b 6b 64
0x0000022f86aa0ff6:   44 8b 63 68 89 84 24 c0 00 00 00 8b 43 6c 89 84
0x0000022f86aa1006:   24 c8 00 00 00 4c 8b c7 39 3e 74 58 48 8b d6 48
0x0000022f86aa1016:   8d 4e 04 81 3a 07 10 00 00 75 10 8b 01 83 8b fc
0x0000022f86aa1026:   00 00 00 02 89 84 24 c0 00 00 00 81 3a 11 10 00
0x0000022f86aa1036:   00 75 10 8b 6b 5c 44 8b 21 44 3b e5 44 0f 47 e5
0x0000022f86aa1046:   41 2b ec 81 3a 03 00 02 00 75 09 8b 01 89 84 24
0x0000022f86aa1056:   c8 00 00 00 49 83 c0 02 48 83 c1 08 4a 8d 14 86
0x0000022f86aa1066:   39 3a 75 af 4c 8d 84 24 c0 00 00 00 48 8d 15 d7
0x0000022f86aa1076:   2b 03 00 33 c9 e8 58 5f 00 00 b8 40 1f 00 00 4c
0x0000022f86aa1086:   8d 84 24 c8 00 00 00 39 84 24 c0 00 00 00 48 8d
0x0000022f86aa1096:   15 e9 2b 03 00 0f 47 84 24 c0 00 00 00 33 c9 89
0x0000022f86aa10a6:   84 24 c0 00 00 00 e8 27 5f 00 00 8b 43 3c 44 8b
0x0000022f86aa10b6:   84 24 c0 00 00 00 8b 4b 38 41 bb 04 00 00 00 44
0x0000022f86aa10c6:   39 9c 24 c8 00 00 00 44 0f 42 9c 24 c8 00 00 00
0x0000022f86aa10d6:   33 d2 44 89 9c 24 c8 00 00 00 49 0f af c0 48 f7
0x0000022f86aa10e6:   f1 89 43 3c f6 05 43 b6 04 00 01 74 09 83 c0 03
0x0000022f86aa10f6:   83 e0 fc 89 43 3c 44 89 43 38 44 89 5b 6c 44 89
0x0000022f86aa1106:   63 68 89 6b 64 44 8b 9b fc 00 00 00 41 0f ba e3
0x0000022f86aa1116:   1f 0f 82 6a 05 00 00 44 8b 6b 38 8b 6b 44 44 8b
0x0000022f86aa1126:   63 48 41 bf 03 00 00 00 48 8d 35 5b 2b 03 00 4c
0x0000022f86aa1136:   8d 35 80 dc 02 00 44 39 3d bd 92 04 00 0f 8c 81
0x0000022f86aa1146:   00 00 00 4c 8d 15 88 28 03 00 4c 8d 35 f5 2a 03
0x0000022f86aa1156:   00 41 f6 c3 02 4d 8b ca 41 8b cc 4d 0f 45 ce e8 


Stack slot to memory mapping:
stack at sp + 0 slots: 0x0000022fd137c170 points into unknown readable memory: 6a 61 76 61 2e 6c 61 6e
stack at sp + 1 slots: 0x0000002800000003 is an unknown value
stack at sp + 2 slots: 0x0000022fd137b800 is a thread
stack at sp + 3 slots: 0x000000b5444fb270 is pointing into the stack for thread: 0x0000022fd137b800
stack at sp + 4 slots: {method} {0x0000022f87ca7488} 'nalcCreateContext' '(JJ)J' in 'org/lwjgl/openal/ALC10'
stack at sp + 5 slots: 0x00007ff9eba56619 jvm.dll
stack at sp + 6 slots: 0x0 is NULL
stack at sp + 7 slots: 0x00000000000001f0 is an unknown value


---------------  P R O C E S S  ---------------

Threads class SMR info:
_java_thread_list=0x0000022f848b2240, length=22, elements={
0x0000022fd137b800, 0x0000022fffc97800, 0x0000022fffcc1800, 0x0000022fffd10000,
0x0000022fffd11800, 0x0000022fffd12800, 0x0000022fffd1f800, 0x0000022fffd2a000,
0x0000022fff34b800, 0x0000022fffeb9000, 0x0000022fffed8000, 0x0000022ffff01800,
0x0000022ffff0a000, 0x0000022f80746000, 0x0000022f81b59000, 0x0000022f818d5000,
0x0000022f8119a000, 0x0000022f80e95000, 0x0000022f82634800, 0x0000022f839f3000,
0x0000022f83713000, 0x0000022f82380000
}

Java Threads: ( => current thread )
=>0x0000022fd137b800 JavaThread "main" [_thread_in_native, id=8264, stack(0x000000b544400000,0x000000b544500000)]
  0x0000022fffc97800 JavaThread "Reference Handler" daemon [_thread_blocked, id=10168, stack(0x000000b544b00000,0x000000b544c00000)]
  0x0000022fffcc1800 JavaThread "Finalizer" daemon [_thread_blocked, id=2936, stack(0x000000b544c00000,0x000000b544d00000)]
  0x0000022fffd10000 JavaThread "Signal Dispatcher" daemon [_thread_blocked, id=10960, stack(0x000000b544d00000,0x000000b544e00000)]
  0x0000022fffd11800 JavaThread "Attach Listener" daemon [_thread_blocked, id=828, stack(0x000000b544e00000,0x000000b544f00000)]
  0x0000022fffd12800 JavaThread "C2 CompilerThread0" daemon [_thread_blocked, id=13188, stack(0x000000b544f00000,0x000000b545000000)]
  0x0000022fffd1f800 JavaThread "C1 CompilerThread0" daemon [_thread_blocked, id=4412, stack(0x000000b545000000,0x000000b545100000)]
  0x0000022fffd2a000 JavaThread "Sweeper thread" daemon [_thread_blocked, id=7688, stack(0x000000b545100000,0x000000b545200000)]
  0x0000022fff34b800 JavaThread "C1 CompilerThread1" daemon [_thread_blocked, id=9292, stack(0x000000b545200000,0x000000b545300000)]
  0x0000022fffeb9000 JavaThread "Service Thread" daemon [_thread_blocked, id=10776, stack(0x000000b545300000,0x000000b545400000)]
  0x0000022fffed8000 JavaThread "Common-Cleaner" daemon [_thread_blocked, id=2864, stack(0x000000b545500000,0x000000b545600000)]
  0x0000022ffff01800 JavaThread "C2 CompilerThread1" daemon [_thread_blocked, id=9300, stack(0x000000b545600000,0x000000b545700000)]
  0x0000022ffff0a000 JavaThread "C2 CompilerThread2" daemon [_thread_in_native, id=5464, stack(0x000000b545700000,0x000000b545800000)]
  0x0000022f80746000 JavaThread "C2 CompilerThread3" daemon [_thread_blocked, id=5824, stack(0x000000b545800000,0x000000b545900000)]
  0x0000022f81b59000 JavaThread "EMF Reference Cleaner" daemon [_thread_blocked, id=13116, stack(0x000000b546400000,0x000000b546500000)]
  0x0000022f818d5000 JavaThread "C1 CompilerThread2" daemon [_thread_blocked, id=9012, stack(0x000000b546500000,0x000000b546600000)]
  0x0000022f8119a000 JavaThread "C1 CompilerThread3" daemon [_thread_blocked, id=2988, stack(0x000000b546600000,0x000000b546700000)]
  0x0000022f80e95000 JavaThread "com.google.inject.internal.util.$Finalizer" daemon [_thread_blocked, id=9204, stack(0x000000b546700000,0x000000b546800000)]
  0x0000022f82634800 JavaThread "C2 CompilerThread4" daemon [_thread_blocked, id=7472, stack(0x000000b546a00000,0x000000b546b00000)]
  0x0000022f839f3000 JavaThread "C2 CompilerThread5" daemon [_thread_blocked, id=9296, stack(0x000000b546b00000,0x000000b546c00000)]
  0x0000022f83713000 JavaThread "C2 CompilerThread6" daemon [_thread_in_native, id=10432, stack(0x000000b546c00000,0x000000b546d00000)]
  0x0000022f82380000 JavaThread "C2 CompilerThread7" daemon [_thread_in_native, id=10272, stack(0x000000b546d00000,0x000000b546e00000)]

Other Threads:
  0x0000022fffc94800 VMThread "VM Thread" [stack: 0x000000b544a00000,0x000000b544b00000] [id=1244]
  0x0000022fffeba800 WatcherThread [stack: 0x000000b545400000,0x000000b545500000] [id=11392]
  0x0000022fd1393000 GCTaskThread "GC Thread#0" [stack: 0x000000b544500000,0x000000b544600000] [id=1732]
  0x0000022f816d2800 GCTaskThread "GC Thread#1" [stack: 0x000000b545900000,0x000000b545a00000] [id=5744]
  0x0000022f80b1e000 GCTaskThread "GC Thread#2" [stack: 0x000000b545a00000,0x000000b545b00000] [id=5892]
  0x0000022f80b1f000 GCTaskThread "GC Thread#3" [stack: 0x000000b545b00000,0x000000b545c00000] [id=10024]
  0x0000022f81952000 GCTaskThread "GC Thread#4" [stack: 0x000000b545c00000,0x000000b545d00000] [id=10380]
  0x0000022f81952800 GCTaskThread "GC Thread#5" [stack: 0x000000b545d00000,0x000000b545e00000] [id=3660]
  0x0000022f80ab3800 GCTaskThread "GC Thread#6" [stack: 0x000000b545e00000,0x000000b545f00000] [id=13124]
  0x0000022f80ab4800 GCTaskThread "GC Thread#7" [stack: 0x000000b545f00000,0x000000b546000000] [id=10996]
  0x0000022f81595800 GCTaskThread "GC Thread#8" [stack: 0x000000b546000000,0x000000b546100000] [id=6680]
  0x0000022f81596800 GCTaskThread "GC Thread#9" [stack: 0x000000b546100000,0x000000b546200000] [id=11884]
  0x0000022f816b7000 GCTaskThread "GC Thread#10" [stack: 0x000000b546200000,0x000000b546300000] [id=8704]
  0x0000022f816b8000 GCTaskThread "GC Thread#11" [stack: 0x000000b546300000,0x000000b546400000] [id=4520]
  0x0000022fd1414800 ConcurrentGCThread "G1 Main Marker" [stack: 0x000000b544600000,0x000000b544700000] [id=2608]
  0x0000022fd1415800 ConcurrentGCThread "G1 Conc#0" [stack: 0x000000b544700000,0x000000b544800000] [id=6412]
  0x0000022f81306800 ConcurrentGCThread "G1 Conc#1" [stack: 0x000000b546800000,0x000000b546900000] [id=10320]
  0x0000022f80ee2000 ConcurrentGCThread "G1 Conc#2" [stack: 0x000000b546900000,0x000000b546a00000] [id=9764]
  0x0000022fff2f6000 ConcurrentGCThread "G1 Refine#0" [stack: 0x000000b544800000,0x000000b544900000] [id=8008]
  0x0000022fff2f7000 ConcurrentGCThread "G1 Young RemSet Sampling" [stack: 0x000000b544900000,0x000000b544a00000] [id=5460]

Threads with active compile tasks:
C2 CompilerThread2   1960 4503   !   4       org.uqbar.project.wollok.interpreter.context.CompositeEvaluationContext::resolve (51 bytes)
C2 CompilerThread6   1960 4492   !   4       jdk.internal.loader.BuiltinClassLoader::loadClassOrNull (143 bytes)
C2 CompilerThread7   1960 4396       4       org.uqbar.project.wollok.interpreter.WollokSourcecodeLocator::contextDescription (121 bytes)

VM state:not at safepoint (normal execution)

VM Mutex/Monitor currently owned by a thread: None

Heap address: 0x0000000600c00000, size: 8180 MB, Compressed Oops mode: Zero based, Oop shift amount: 3
Narrow klass base: 0x0000000800000000, Narrow klass shift: 0
Compressed class space size: 1073741824 Address: 0x0000000800000000

Heap:
 garbage-first heap   total 524288K, used 92011K [0x0000000600c00000, 0x0000000800000000)
  region size 2048K, 38 young (77824K), 2 survivors (4096K)
 Metaspace       used 27080K, capacity 27428K, committed 27696K, reserved 1073152K
  class space    used 3007K, capacity 3100K, committed 3200K, reserved 1048576K
Heap Regions: E=young(eden), S=young(survivor), O=old, HS=humongous(starts), HC=humongous(continues), CS=collection set, F=free, A=archive, TAMS=top-at-mark-start (previous, next)
|   0|0x0000000600c00000, 0x0000000600e00000, 0x0000000600e00000|100%| O|  |TAMS 0x0000000600e00000, 0x0000000600c00000| Untracked 
|   1|0x0000000600e00000, 0x0000000601000000, 0x0000000601000000|100%| O|  |TAMS 0x0000000600e4e000, 0x0000000600e00000| Untracked 
|   2|0x0000000601000000, 0x0000000601200000, 0x0000000601200000|100%| O|  |TAMS 0x0000000601000000, 0x0000000601000000| Untracked 
|   3|0x0000000601200000, 0x0000000601400000, 0x0000000601400000|100%| O|  |TAMS 0x0000000601200000, 0x0000000601200000| Untracked 
|   4|0x0000000601400000, 0x0000000601600000, 0x0000000601600000|100%| O|  |TAMS 0x0000000601400000, 0x0000000601400000| Untracked 
|   5|0x0000000601600000, 0x0000000601800000, 0x0000000601800000|100%| O|  |TAMS 0x0000000601600000, 0x0000000601600000| Untracked 
|   6|0x0000000601800000, 0x0000000601a00000, 0x0000000601a00000|100%| O|  |TAMS 0x0000000601800000, 0x0000000601800000| Untracked 
|   7|0x0000000601a00000, 0x0000000601c00000, 0x0000000601c00000|100%| O|  |TAMS 0x0000000601a00000, 0x0000000601a00000| Untracked 
|   8|0x0000000601c00000, 0x0000000601c88e00, 0x0000000601e00000| 26%| O|  |TAMS 0x0000000601c00000, 0x0000000601c00000| Untracked 
|   9|0x0000000601e00000, 0x0000000601e00000, 0x0000000602000000|  0%| F|  |TAMS 0x0000000601e00000, 0x0000000601e00000| Untracked 
|  10|0x0000000602000000, 0x0000000602000000, 0x0000000602200000|  0%| F|  |TAMS 0x0000000602000000, 0x0000000602000000| Untracked 
|  11|0x0000000602200000, 0x0000000602200000, 0x0000000602400000|  0%| F|  |TAMS 0x0000000602200000, 0x0000000602200000| Untracked 
|  12|0x0000000602400000, 0x0000000602400000, 0x0000000602600000|  0%| F|  |TAMS 0x0000000602400000, 0x0000000602400000| Untracked 
|  13|0x0000000602600000, 0x0000000602600000, 0x0000000602800000|  0%| F|  |TAMS 0x0000000602600000, 0x0000000602600000| Untracked 
|  14|0x0000000602800000, 0x0000000602800000, 0x0000000602a00000|  0%| F|  |TAMS 0x0000000602800000, 0x0000000602800000| Untracked 
|  15|0x0000000602a00000, 0x0000000602a00000, 0x0000000602c00000|  0%| F|  |TAMS 0x0000000602a00000, 0x0000000602a00000| Untracked 
|  16|0x0000000602c00000, 0x0000000602c00000, 0x0000000602e00000|  0%| F|  |TAMS 0x0000000602c00000, 0x0000000602c00000| Untracked 
|  17|0x0000000602e00000, 0x0000000602e00000, 0x0000000603000000|  0%| F|  |TAMS 0x0000000602e00000, 0x0000000602e00000| Untracked 
|  18|0x0000000603000000, 0x0000000603000000, 0x0000000603200000|  0%| F|  |TAMS 0x0000000603000000, 0x0000000603000000| Untracked 
|  19|0x0000000603200000, 0x0000000603200000, 0x0000000603400000|  0%| F|  |TAMS 0x0000000603200000, 0x0000000603200000| Untracked 
|  20|0x0000000603400000, 0x0000000603400000, 0x0000000603600000|  0%| F|  |TAMS 0x0000000603400000, 0x0000000603400000| Untracked 
|  21|0x0000000603600000, 0x0000000603600000, 0x0000000603800000|  0%| F|  |TAMS 0x0000000603600000, 0x0000000603600000| Untracked 
|  22|0x0000000603800000, 0x0000000603800000, 0x0000000603a00000|  0%| F|  |TAMS 0x0000000603800000, 0x0000000603800000| Untracked 
|  23|0x0000000603a00000, 0x0000000603a00000, 0x0000000603c00000|  0%| F|  |TAMS 0x0000000603a00000, 0x0000000603a00000| Untracked 
|  24|0x0000000603c00000, 0x0000000603c00000, 0x0000000603e00000|  0%| F|  |TAMS 0x0000000603c00000, 0x0000000603c00000| Untracked 
|  25|0x0000000603e00000, 0x0000000603e00000, 0x0000000604000000|  0%| F|  |TAMS 0x0000000603e00000, 0x0000000603e00000| Untracked 
|  26|0x0000000604000000, 0x0000000604000000, 0x0000000604200000|  0%| F|  |TAMS 0x0000000604000000, 0x0000000604000000| Untracked 
|  27|0x0000000604200000, 0x0000000604200000, 0x0000000604400000|  0%| F|  |TAMS 0x0000000604200000, 0x0000000604200000| Untracked 
|  28|0x0000000604400000, 0x0000000604400000, 0x0000000604600000|  0%| F|  |TAMS 0x0000000604400000, 0x0000000604400000| Untracked 
|  29|0x0000000604600000, 0x0000000604600000, 0x0000000604800000|  0%| F|  |TAMS 0x0000000604600000, 0x0000000604600000| Untracked 
|  30|0x0000000604800000, 0x0000000604800000, 0x0000000604a00000|  0%| F|  |TAMS 0x0000000604800000, 0x0000000604800000| Untracked 
|  31|0x0000000604a00000, 0x0000000604a00000, 0x0000000604c00000|  0%| F|  |TAMS 0x0000000604a00000, 0x0000000604a00000| Untracked 
|  32|0x0000000604c00000, 0x0000000604c00000, 0x0000000604e00000|  0%| F|  |TAMS 0x0000000604c00000, 0x0000000604c00000| Untracked 
|  33|0x0000000604e00000, 0x0000000604e00000, 0x0000000605000000|  0%| F|  |TAMS 0x0000000604e00000, 0x0000000604e00000| Untracked 
|  34|0x0000000605000000, 0x0000000605000000, 0x0000000605200000|  0%| F|  |TAMS 0x0000000605000000, 0x0000000605000000| Untracked 
|  35|0x0000000605200000, 0x0000000605200000, 0x0000000605400000|  0%| F|  |TAMS 0x0000000605200000, 0x0000000605200000| Untracked 
|  36|0x0000000605400000, 0x0000000605400000, 0x0000000605600000|  0%| F|  |TAMS 0x0000000605400000, 0x0000000605400000| Untracked 
|  37|0x0000000605600000, 0x0000000605600000, 0x0000000605800000|  0%| F|  |TAMS 0x0000000605600000, 0x0000000605600000| Untracked 
|  38|0x0000000605800000, 0x0000000605800000, 0x0000000605a00000|  0%| F|  |TAMS 0x0000000605800000, 0x0000000605800000| Untracked 
|  39|0x0000000605a00000, 0x0000000605a00000, 0x0000000605c00000|  0%| F|  |TAMS 0x0000000605a00000, 0x0000000605a00000| Untracked 
|  40|0x0000000605c00000, 0x0000000605c00000, 0x0000000605e00000|  0%| F|  |TAMS 0x0000000605c00000, 0x0000000605c00000| Untracked 
|  41|0x0000000605e00000, 0x0000000605e00000, 0x0000000606000000|  0%| F|  |TAMS 0x0000000605e00000, 0x0000000605e00000| Untracked 
|  42|0x0000000606000000, 0x0000000606000000, 0x0000000606200000|  0%| F|  |TAMS 0x0000000606000000, 0x0000000606000000| Untracked 
|  43|0x0000000606200000, 0x0000000606200000, 0x0000000606400000|  0%| F|  |TAMS 0x0000000606200000, 0x0000000606200000| Untracked 
|  44|0x0000000606400000, 0x0000000606400000, 0x0000000606600000|  0%| F|  |TAMS 0x0000000606400000, 0x0000000606400000| Untracked 
|  45|0x0000000606600000, 0x0000000606600000, 0x0000000606800000|  0%| F|  |TAMS 0x0000000606600000, 0x0000000606600000| Untracked 
|  46|0x0000000606800000, 0x0000000606800000, 0x0000000606a00000|  0%| F|  |TAMS 0x0000000606800000, 0x0000000606800000| Untracked 
|  47|0x0000000606a00000, 0x0000000606a00000, 0x0000000606c00000|  0%| F|  |TAMS 0x0000000606a00000, 0x0000000606a00000| Untracked 
|  48|0x0000000606c00000, 0x0000000606c00000, 0x0000000606e00000|  0%| F|  |TAMS 0x0000000606c00000, 0x0000000606c00000| Untracked 
|  49|0x0000000606e00000, 0x0000000606e00000, 0x0000000607000000|  0%| F|  |TAMS 0x0000000606e00000, 0x0000000606e00000| Untracked 
|  50|0x0000000607000000, 0x0000000607000000, 0x0000000607200000|  0%| F|  |TAMS 0x0000000607000000, 0x0000000607000000| Untracked 
|  51|0x0000000607200000, 0x0000000607200000, 0x0000000607400000|  0%| F|  |TAMS 0x0000000607200000, 0x0000000607200000| Untracked 
|  52|0x0000000607400000, 0x0000000607400000, 0x0000000607600000|  0%| F|  |TAMS 0x0000000607400000, 0x0000000607400000| Untracked 
|  53|0x0000000607600000, 0x0000000607600000, 0x0000000607800000|  0%| F|  |TAMS 0x0000000607600000, 0x0000000607600000| Untracked 
|  54|0x0000000607800000, 0x0000000607800000, 0x0000000607a00000|  0%| F|  |TAMS 0x0000000607800000, 0x0000000607800000| Untracked 
|  55|0x0000000607a00000, 0x0000000607a00000, 0x0000000607c00000|  0%| F|  |TAMS 0x0000000607a00000, 0x0000000607a00000| Untracked 
|  56|0x0000000607c00000, 0x0000000607c00000, 0x0000000607e00000|  0%| F|  |TAMS 0x0000000607c00000, 0x0000000607c00000| Untracked 
|  57|0x0000000607e00000, 0x0000000607e00000, 0x0000000608000000|  0%| F|  |TAMS 0x0000000607e00000, 0x0000000607e00000| Untracked 
|  58|0x0000000608000000, 0x0000000608000000, 0x0000000608200000|  0%| F|  |TAMS 0x0000000608000000, 0x0000000608000000| Untracked 
|  59|0x0000000608200000, 0x0000000608200000, 0x0000000608400000|  0%| F|  |TAMS 0x0000000608200000, 0x0000000608200000| Untracked 
|  60|0x0000000608400000, 0x0000000608400000, 0x0000000608600000|  0%| F|  |TAMS 0x0000000608400000, 0x0000000608400000| Untracked 
|  61|0x0000000608600000, 0x0000000608600000, 0x0000000608800000|  0%| F|  |TAMS 0x0000000608600000, 0x0000000608600000| Untracked 
|  62|0x0000000608800000, 0x0000000608800000, 0x0000000608a00000|  0%| F|  |TAMS 0x0000000608800000, 0x0000000608800000| Untracked 
|  63|0x0000000608a00000, 0x0000000608a00000, 0x0000000608c00000|  0%| F|  |TAMS 0x0000000608a00000, 0x0000000608a00000| Untracked 
|  64|0x0000000608c00000, 0x0000000608c00000, 0x0000000608e00000|  0%| F|  |TAMS 0x0000000608c00000, 0x0000000608c00000| Untracked 
|  65|0x0000000608e00000, 0x0000000608e00000, 0x0000000609000000|  0%| F|  |TAMS 0x0000000608e00000, 0x0000000608e00000| Untracked 
|  66|0x0000000609000000, 0x0000000609000000, 0x0000000609200000|  0%| F|  |TAMS 0x0000000609000000, 0x0000000609000000| Untracked 
|  67|0x0000000609200000, 0x0000000609200000, 0x0000000609400000|  0%| F|  |TAMS 0x0000000609200000, 0x0000000609200000| Untracked 
|  68|0x0000000609400000, 0x0000000609400000, 0x0000000609600000|  0%| F|  |TAMS 0x0000000609400000, 0x0000000609400000| Untracked 
|  69|0x0000000609600000, 0x0000000609600000, 0x0000000609800000|  0%| F|  |TAMS 0x0000000609600000, 0x0000000609600000| Untracked 
|  70|0x0000000609800000, 0x0000000609800000, 0x0000000609a00000|  0%| F|  |TAMS 0x0000000609800000, 0x0000000609800000| Untracked 
|  71|0x0000000609a00000, 0x0000000609a00000, 0x0000000609c00000|  0%| F|  |TAMS 0x0000000609a00000, 0x0000000609a00000| Untracked 
|  72|0x0000000609c00000, 0x0000000609c00000, 0x0000000609e00000|  0%| F|  |TAMS 0x0000000609c00000, 0x0000000609c00000| Untracked 
|  73|0x0000000609e00000, 0x0000000609e00000, 0x000000060a000000|  0%| F|  |TAMS 0x0000000609e00000, 0x0000000609e00000| Untracked 
|  74|0x000000060a000000, 0x000000060a000000, 0x000000060a200000|  0%| F|  |TAMS 0x000000060a000000, 0x000000060a000000| Untracked 
|  75|0x000000060a200000, 0x000000060a200000, 0x000000060a400000|  0%| F|  |TAMS 0x000000060a200000, 0x000000060a200000| Untracked 
|  76|0x000000060a400000, 0x000000060a400000, 0x000000060a600000|  0%| F|  |TAMS 0x000000060a400000, 0x000000060a400000| Untracked 
|  77|0x000000060a600000, 0x000000060a600000, 0x000000060a800000|  0%| F|  |TAMS 0x000000060a600000, 0x000000060a600000| Untracked 
|  78|0x000000060a800000, 0x000000060a800000, 0x000000060aa00000|  0%| F|  |TAMS 0x000000060a800000, 0x000000060a800000| Untracked 
|  79|0x000000060aa00000, 0x000000060aa00000, 0x000000060ac00000|  0%| F|  |TAMS 0x000000060aa00000, 0x000000060aa00000| Untracked 
|  80|0x000000060ac00000, 0x000000060ac00000, 0x000000060ae00000|  0%| F|  |TAMS 0x000000060ac00000, 0x000000060ac00000| Untracked 
|  81|0x000000060ae00000, 0x000000060ae00000, 0x000000060b000000|  0%| F|  |TAMS 0x000000060ae00000, 0x000000060ae00000| Untracked 
|  82|0x000000060b000000, 0x000000060b000000, 0x000000060b200000|  0%| F|  |TAMS 0x000000060b000000, 0x000000060b000000| Untracked 
|  83|0x000000060b200000, 0x000000060b200000, 0x000000060b400000|  0%| F|  |TAMS 0x000000060b200000, 0x000000060b200000| Untracked 
|  84|0x000000060b400000, 0x000000060b400000, 0x000000060b600000|  0%| F|  |TAMS 0x000000060b400000, 0x000000060b400000| Untracked 
|  85|0x000000060b600000, 0x000000060b600000, 0x000000060b800000|  0%| F|  |TAMS 0x000000060b600000, 0x000000060b600000| Untracked 
|  86|0x000000060b800000, 0x000000060b800000, 0x000000060ba00000|  0%| F|  |TAMS 0x000000060b800000, 0x000000060b800000| Untracked 
|  87|0x000000060ba00000, 0x000000060ba00000, 0x000000060bc00000|  0%| F|  |TAMS 0x000000060ba00000, 0x000000060ba00000| Untracked 
|  88|0x000000060bc00000, 0x000000060bc00000, 0x000000060be00000|  0%| F|  |TAMS 0x000000060bc00000, 0x000000060bc00000| Untracked 
|  89|0x000000060be00000, 0x000000060be00000, 0x000000060c000000|  0%| F|  |TAMS 0x000000060be00000, 0x000000060be00000| Untracked 
|  90|0x000000060c000000, 0x000000060c000000, 0x000000060c200000|  0%| F|  |TAMS 0x000000060c000000, 0x000000060c000000| Untracked 
|  91|0x000000060c200000, 0x000000060c200000, 0x000000060c400000|  0%| F|  |TAMS 0x000000060c200000, 0x000000060c200000| Untracked 
|  92|0x000000060c400000, 0x000000060c400000, 0x000000060c600000|  0%| F|  |TAMS 0x000000060c400000, 0x000000060c400000| Untracked 
|  93|0x000000060c600000, 0x000000060c600000, 0x000000060c800000|  0%| F|  |TAMS 0x000000060c600000, 0x000000060c600000| Untracked 
|  94|0x000000060c800000, 0x000000060c800000, 0x000000060ca00000|  0%| F|  |TAMS 0x000000060c800000, 0x000000060c800000| Untracked 
|  95|0x000000060ca00000, 0x000000060ca00000, 0x000000060cc00000|  0%| F|  |TAMS 0x000000060ca00000, 0x000000060ca00000| Untracked 
|  96|0x000000060cc00000, 0x000000060cc00000, 0x000000060ce00000|  0%| F|  |TAMS 0x000000060cc00000, 0x000000060cc00000| Untracked 
|  97|0x000000060ce00000, 0x000000060ce00000, 0x000000060d000000|  0%| F|  |TAMS 0x000000060ce00000, 0x000000060ce00000| Untracked 
|  98|0x000000060d000000, 0x000000060d000000, 0x000000060d200000|  0%| F|  |TAMS 0x000000060d000000, 0x000000060d000000| Untracked 
|  99|0x000000060d200000, 0x000000060d200000, 0x000000060d400000|  0%| F|  |TAMS 0x000000060d200000, 0x000000060d200000| Untracked 
| 100|0x000000060d400000, 0x000000060d400000, 0x000000060d600000|  0%| F|  |TAMS 0x000000060d400000, 0x000000060d400000| Untracked 
| 101|0x000000060d600000, 0x000000060d600000, 0x000000060d800000|  0%| F|  |TAMS 0x000000060d600000, 0x000000060d600000| Untracked 
| 102|0x000000060d800000, 0x000000060d800000, 0x000000060da00000|  0%| F|  |TAMS 0x000000060d800000, 0x000000060d800000| Untracked 
| 103|0x000000060da00000, 0x000000060da00000, 0x000000060dc00000|  0%| F|  |TAMS 0x000000060da00000, 0x000000060da00000| Untracked 
| 104|0x000000060dc00000, 0x000000060dc00000, 0x000000060de00000|  0%| F|  |TAMS 0x000000060dc00000, 0x000000060dc00000| Untracked 
| 105|0x000000060de00000, 0x000000060de00000, 0x000000060e000000|  0%| F|  |TAMS 0x000000060de00000, 0x000000060de00000| Untracked 
| 106|0x000000060e000000, 0x000000060e000000, 0x000000060e200000|  0%| F|  |TAMS 0x000000060e000000, 0x000000060e000000| Untracked 
| 107|0x000000060e200000, 0x000000060e200000, 0x000000060e400000|  0%| F|  |TAMS 0x000000060e200000, 0x000000060e200000| Untracked 
| 108|0x000000060e400000, 0x000000060e400000, 0x000000060e600000|  0%| F|  |TAMS 0x000000060e400000, 0x000000060e400000| Untracked 
| 109|0x000000060e600000, 0x000000060e600000, 0x000000060e800000|  0%| F|  |TAMS 0x000000060e600000, 0x000000060e600000| Untracked 
| 110|0x000000060e800000, 0x000000060e800000, 0x000000060ea00000|  0%| F|  |TAMS 0x000000060e800000, 0x000000060e800000| Untracked 
| 111|0x000000060ea00000, 0x000000060ea00000, 0x000000060ec00000|  0%| F|  |TAMS 0x000000060ea00000, 0x000000060ea00000| Untracked 
| 112|0x000000060ec00000, 0x000000060ec00000, 0x000000060ee00000|  0%| F|  |TAMS 0x000000060ec00000, 0x000000060ec00000| Untracked 
| 113|0x000000060ee00000, 0x000000060ee00000, 0x000000060f000000|  0%| F|  |TAMS 0x000000060ee00000, 0x000000060ee00000| Untracked 
| 114|0x000000060f000000, 0x000000060f000000, 0x000000060f200000|  0%| F|  |TAMS 0x000000060f000000, 0x000000060f000000| Untracked 
| 115|0x000000060f200000, 0x000000060f200000, 0x000000060f400000|  0%| F|  |TAMS 0x000000060f200000, 0x000000060f200000| Untracked 
| 116|0x000000060f400000, 0x000000060f400000, 0x000000060f600000|  0%| F|  |TAMS 0x000000060f400000, 0x000000060f400000| Untracked 
| 117|0x000000060f600000, 0x000000060f600000, 0x000000060f800000|  0%| F|  |TAMS 0x000000060f600000, 0x000000060f600000| Untracked 
| 118|0x000000060f800000, 0x000000060f800000, 0x000000060fa00000|  0%| F|  |TAMS 0x000000060f800000, 0x000000060f800000| Untracked 
| 119|0x000000060fa00000, 0x000000060fa00000, 0x000000060fc00000|  0%| F|  |TAMS 0x000000060fa00000, 0x000000060fa00000| Untracked 
| 120|0x000000060fc00000, 0x000000060fc00000, 0x000000060fe00000|  0%| F|  |TAMS 0x000000060fc00000, 0x000000060fc00000| Untracked 
| 121|0x000000060fe00000, 0x000000060fe00000, 0x0000000610000000|  0%| F|  |TAMS 0x000000060fe00000, 0x000000060fe00000| Untracked 
| 122|0x0000000610000000, 0x0000000610000000, 0x0000000610200000|  0%| F|  |TAMS 0x0000000610000000, 0x0000000610000000| Untracked 
| 123|0x0000000610200000, 0x0000000610200000, 0x0000000610400000|  0%| F|  |TAMS 0x0000000610200000, 0x0000000610200000| Untracked 
| 124|0x0000000610400000, 0x0000000610400000, 0x0000000610600000|  0%| F|  |TAMS 0x0000000610400000, 0x0000000610400000| Untracked 
| 125|0x0000000610600000, 0x0000000610600000, 0x0000000610800000|  0%| F|  |TAMS 0x0000000610600000, 0x0000000610600000| Untracked 
| 126|0x0000000610800000, 0x0000000610800000, 0x0000000610a00000|  0%| F|  |TAMS 0x0000000610800000, 0x0000000610800000| Untracked 
| 127|0x0000000610a00000, 0x0000000610a00000, 0x0000000610c00000|  0%| F|  |TAMS 0x0000000610a00000, 0x0000000610a00000| Untracked 
| 128|0x0000000610c00000, 0x0000000610c00000, 0x0000000610e00000|  0%| F|  |TAMS 0x0000000610c00000, 0x0000000610c00000| Untracked 
| 129|0x0000000610e00000, 0x0000000610e00000, 0x0000000611000000|  0%| F|  |TAMS 0x0000000610e00000, 0x0000000610e00000| Untracked 
| 130|0x0000000611000000, 0x0000000611000000, 0x0000000611200000|  0%| F|  |TAMS 0x0000000611000000, 0x0000000611000000| Untracked 
| 131|0x0000000611200000, 0x0000000611200000, 0x0000000611400000|  0%| F|  |TAMS 0x0000000611200000, 0x0000000611200000| Untracked 
| 132|0x0000000611400000, 0x0000000611400000, 0x0000000611600000|  0%| F|  |TAMS 0x0000000611400000, 0x0000000611400000| Untracked 
| 133|0x0000000611600000, 0x0000000611600000, 0x0000000611800000|  0%| F|  |TAMS 0x0000000611600000, 0x0000000611600000| Untracked 
| 134|0x0000000611800000, 0x0000000611800000, 0x0000000611a00000|  0%| F|  |TAMS 0x0000000611800000, 0x0000000611800000| Untracked 
| 135|0x0000000611a00000, 0x0000000611a00000, 0x0000000611c00000|  0%| F|  |TAMS 0x0000000611a00000, 0x0000000611a00000| Untracked 
| 136|0x0000000611c00000, 0x0000000611c00000, 0x0000000611e00000|  0%| F|  |TAMS 0x0000000611c00000, 0x0000000611c00000| Untracked 
| 137|0x0000000611e00000, 0x0000000611e00000, 0x0000000612000000|  0%| F|  |TAMS 0x0000000611e00000, 0x0000000611e00000| Untracked 
| 138|0x0000000612000000, 0x0000000612000000, 0x0000000612200000|  0%| F|  |TAMS 0x0000000612000000, 0x0000000612000000| Untracked 
| 139|0x0000000612200000, 0x0000000612200000, 0x0000000612400000|  0%| F|  |TAMS 0x0000000612200000, 0x0000000612200000| Untracked 
| 140|0x0000000612400000, 0x0000000612400000, 0x0000000612600000|  0%| F|  |TAMS 0x0000000612400000, 0x0000000612400000| Untracked 
| 141|0x0000000612600000, 0x0000000612600000, 0x0000000612800000|  0%| F|  |TAMS 0x0000000612600000, 0x0000000612600000| Untracked 
| 142|0x0000000612800000, 0x0000000612800000, 0x0000000612a00000|  0%| F|  |TAMS 0x0000000612800000, 0x0000000612800000| Untracked 
| 143|0x0000000612a00000, 0x0000000612a00000, 0x0000000612c00000|  0%| F|  |TAMS 0x0000000612a00000, 0x0000000612a00000| Untracked 
| 144|0x0000000612c00000, 0x0000000612c00000, 0x0000000612e00000|  0%| F|  |TAMS 0x0000000612c00000, 0x0000000612c00000| Untracked 
| 145|0x0000000612e00000, 0x0000000612e00000, 0x0000000613000000|  0%| F|  |TAMS 0x0000000612e00000, 0x0000000612e00000| Untracked 
| 146|0x0000000613000000, 0x0000000613000000, 0x0000000613200000|  0%| F|  |TAMS 0x0000000613000000, 0x0000000613000000| Untracked 
| 147|0x0000000613200000, 0x0000000613200000, 0x0000000613400000|  0%| F|  |TAMS 0x0000000613200000, 0x0000000613200000| Untracked 
| 148|0x0000000613400000, 0x0000000613400000, 0x0000000613600000|  0%| F|  |TAMS 0x0000000613400000, 0x0000000613400000| Untracked 
| 149|0x0000000613600000, 0x0000000613600000, 0x0000000613800000|  0%| F|  |TAMS 0x0000000613600000, 0x0000000613600000| Untracked 
| 150|0x0000000613800000, 0x0000000613800000, 0x0000000613a00000|  0%| F|  |TAMS 0x0000000613800000, 0x0000000613800000| Untracked 
| 151|0x0000000613a00000, 0x0000000613a00000, 0x0000000613c00000|  0%| F|  |TAMS 0x0000000613a00000, 0x0000000613a00000| Untracked 
| 152|0x0000000613c00000, 0x0000000613c00000, 0x0000000613e00000|  0%| F|  |TAMS 0x0000000613c00000, 0x0000000613c00000| Untracked 
| 153|0x0000000613e00000, 0x0000000613e00000, 0x0000000614000000|  0%| F|  |TAMS 0x0000000613e00000, 0x0000000613e00000| Untracked 
| 154|0x0000000614000000, 0x0000000614000000, 0x0000000614200000|  0%| F|  |TAMS 0x0000000614000000, 0x0000000614000000| Untracked 
| 155|0x0000000614200000, 0x0000000614200000, 0x0000000614400000|  0%| F|  |TAMS 0x0000000614200000, 0x0000000614200000| Untracked 
| 156|0x0000000614400000, 0x0000000614400000, 0x0000000614600000|  0%| F|  |TAMS 0x0000000614400000, 0x0000000614400000| Untracked 
| 157|0x0000000614600000, 0x0000000614600000, 0x0000000614800000|  0%| F|  |TAMS 0x0000000614600000, 0x0000000614600000| Untracked 
| 158|0x0000000614800000, 0x0000000614800000, 0x0000000614a00000|  0%| F|  |TAMS 0x0000000614800000, 0x0000000614800000| Untracked 
| 159|0x0000000614a00000, 0x0000000614a00000, 0x0000000614c00000|  0%| F|  |TAMS 0x0000000614a00000, 0x0000000614a00000| Untracked 
| 160|0x0000000614c00000, 0x0000000614c00000, 0x0000000614e00000|  0%| F|  |TAMS 0x0000000614c00000, 0x0000000614c00000| Untracked 
| 161|0x0000000614e00000, 0x0000000614e00000, 0x0000000615000000|  0%| F|  |TAMS 0x0000000614e00000, 0x0000000614e00000| Untracked 
| 162|0x0000000615000000, 0x0000000615000000, 0x0000000615200000|  0%| F|  |TAMS 0x0000000615000000, 0x0000000615000000| Untracked 
| 163|0x0000000615200000, 0x0000000615200000, 0x0000000615400000|  0%| F|  |TAMS 0x0000000615200000, 0x0000000615200000| Untracked 
| 164|0x0000000615400000, 0x0000000615400000, 0x0000000615600000|  0%| F|  |TAMS 0x0000000615400000, 0x0000000615400000| Untracked 
| 165|0x0000000615600000, 0x0000000615600000, 0x0000000615800000|  0%| F|  |TAMS 0x0000000615600000, 0x0000000615600000| Untracked 
| 166|0x0000000615800000, 0x0000000615800000, 0x0000000615a00000|  0%| F|  |TAMS 0x0000000615800000, 0x0000000615800000| Untracked 
| 167|0x0000000615a00000, 0x0000000615a00000, 0x0000000615c00000|  0%| F|  |TAMS 0x0000000615a00000, 0x0000000615a00000| Untracked 
| 168|0x0000000615c00000, 0x0000000615c00000, 0x0000000615e00000|  0%| F|  |TAMS 0x0000000615c00000, 0x0000000615c00000| Untracked 
| 169|0x0000000615e00000, 0x0000000615e00000, 0x0000000616000000|  0%| F|  |TAMS 0x0000000615e00000, 0x0000000615e00000| Untracked 
| 170|0x0000000616000000, 0x0000000616000000, 0x0000000616200000|  0%| F|  |TAMS 0x0000000616000000, 0x0000000616000000| Untracked 
| 171|0x0000000616200000, 0x0000000616200000, 0x0000000616400000|  0%| F|  |TAMS 0x0000000616200000, 0x0000000616200000| Untracked 
| 172|0x0000000616400000, 0x0000000616400000, 0x0000000616600000|  0%| F|  |TAMS 0x0000000616400000, 0x0000000616400000| Untracked 
| 173|0x0000000616600000, 0x0000000616600000, 0x0000000616800000|  0%| F|  |TAMS 0x0000000616600000, 0x0000000616600000| Untracked 
| 174|0x0000000616800000, 0x0000000616800000, 0x0000000616a00000|  0%| F|  |TAMS 0x0000000616800000, 0x0000000616800000| Untracked 
| 175|0x0000000616a00000, 0x0000000616a00000, 0x0000000616c00000|  0%| F|  |TAMS 0x0000000616a00000, 0x0000000616a00000| Untracked 
| 176|0x0000000616c00000, 0x0000000616c00000, 0x0000000616e00000|  0%| F|  |TAMS 0x0000000616c00000, 0x0000000616c00000| Untracked 
| 177|0x0000000616e00000, 0x0000000616e00000, 0x0000000617000000|  0%| F|  |TAMS 0x0000000616e00000, 0x0000000616e00000| Untracked 
| 178|0x0000000617000000, 0x0000000617000000, 0x0000000617200000|  0%| F|  |TAMS 0x0000000617000000, 0x0000000617000000| Untracked 
| 179|0x0000000617200000, 0x0000000617200000, 0x0000000617400000|  0%| F|  |TAMS 0x0000000617200000, 0x0000000617200000| Untracked 
| 180|0x0000000617400000, 0x0000000617400000, 0x0000000617600000|  0%| F|  |TAMS 0x0000000617400000, 0x0000000617400000| Untracked 
| 181|0x0000000617600000, 0x0000000617600000, 0x0000000617800000|  0%| F|  |TAMS 0x0000000617600000, 0x0000000617600000| Untracked 
| 182|0x0000000617800000, 0x0000000617800000, 0x0000000617a00000|  0%| F|  |TAMS 0x0000000617800000, 0x0000000617800000| Untracked 
| 183|0x0000000617a00000, 0x0000000617a00000, 0x0000000617c00000|  0%| F|  |TAMS 0x0000000617a00000, 0x0000000617a00000| Untracked 
| 184|0x0000000617c00000, 0x0000000617c00000, 0x0000000617e00000|  0%| F|  |TAMS 0x0000000617c00000, 0x0000000617c00000| Untracked 
| 185|0x0000000617e00000, 0x0000000617e00000, 0x0000000618000000|  0%| F|  |TAMS 0x0000000617e00000, 0x0000000617e00000| Untracked 
| 186|0x0000000618000000, 0x0000000618000000, 0x0000000618200000|  0%| F|  |TAMS 0x0000000618000000, 0x0000000618000000| Untracked 
| 187|0x0000000618200000, 0x0000000618200000, 0x0000000618400000|  0%| F|  |TAMS 0x0000000618200000, 0x0000000618200000| Untracked 
| 188|0x0000000618400000, 0x0000000618400000, 0x0000000618600000|  0%| F|  |TAMS 0x0000000618400000, 0x0000000618400000| Untracked 
| 189|0x0000000618600000, 0x0000000618600000, 0x0000000618800000|  0%| F|  |TAMS 0x0000000618600000, 0x0000000618600000| Untracked 
| 190|0x0000000618800000, 0x0000000618800000, 0x0000000618a00000|  0%| F|  |TAMS 0x0000000618800000, 0x0000000618800000| Untracked 
| 191|0x0000000618a00000, 0x0000000618a00000, 0x0000000618c00000|  0%| F|  |TAMS 0x0000000618a00000, 0x0000000618a00000| Untracked 
| 192|0x0000000618c00000, 0x0000000618c00000, 0x0000000618e00000|  0%| F|  |TAMS 0x0000000618c00000, 0x0000000618c00000| Untracked 
| 193|0x0000000618e00000, 0x0000000618e00000, 0x0000000619000000|  0%| F|  |TAMS 0x0000000618e00000, 0x0000000618e00000| Untracked 
| 194|0x0000000619000000, 0x0000000619000000, 0x0000000619200000|  0%| F|  |TAMS 0x0000000619000000, 0x0000000619000000| Untracked 
| 195|0x0000000619200000, 0x0000000619200000, 0x0000000619400000|  0%| F|  |TAMS 0x0000000619200000, 0x0000000619200000| Untracked 
| 196|0x0000000619400000, 0x0000000619400000, 0x0000000619600000|  0%| F|  |TAMS 0x0000000619400000, 0x0000000619400000| Untracked 
| 197|0x0000000619600000, 0x0000000619600000, 0x0000000619800000|  0%| F|  |TAMS 0x0000000619600000, 0x0000000619600000| Untracked 
| 198|0x0000000619800000, 0x0000000619800000, 0x0000000619a00000|  0%| F|  |TAMS 0x0000000619800000, 0x0000000619800000| Untracked 
| 199|0x0000000619a00000, 0x0000000619a00000, 0x0000000619c00000|  0%| F|  |TAMS 0x0000000619a00000, 0x0000000619a00000| Untracked 
| 200|0x0000000619c00000, 0x0000000619c00000, 0x0000000619e00000|  0%| F|  |TAMS 0x0000000619c00000, 0x0000000619c00000| Untracked 
| 201|0x0000000619e00000, 0x0000000619e00000, 0x000000061a000000|  0%| F|  |TAMS 0x0000000619e00000, 0x0000000619e00000| Untracked 
| 202|0x000000061a000000, 0x000000061a000000, 0x000000061a200000|  0%| F|  |TAMS 0x000000061a000000, 0x000000061a000000| Untracked 
| 203|0x000000061a200000, 0x000000061a200000, 0x000000061a400000|  0%| F|  |TAMS 0x000000061a200000, 0x000000061a200000| Untracked 
| 204|0x000000061a400000, 0x000000061a400000, 0x000000061a600000|  0%| F|  |TAMS 0x000000061a400000, 0x000000061a400000| Untracked 
| 205|0x000000061a600000, 0x000000061a600000, 0x000000061a800000|  0%| F|  |TAMS 0x000000061a600000, 0x000000061a600000| Untracked 
| 206|0x000000061a800000, 0x000000061a800000, 0x000000061aa00000|  0%| F|  |TAMS 0x000000061a800000, 0x000000061a800000| Untracked 
| 207|0x000000061aa00000, 0x000000061aa00000, 0x000000061ac00000|  0%| F|  |TAMS 0x000000061aa00000, 0x000000061aa00000| Untracked 
| 208|0x000000061ac00000, 0x000000061ac00000, 0x000000061ae00000|  0%| F|  |TAMS 0x000000061ac00000, 0x000000061ac00000| Untracked 
| 209|0x000000061ae00000, 0x000000061ae00000, 0x000000061b000000|  0%| F|  |TAMS 0x000000061ae00000, 0x000000061ae00000| Untracked 
| 210|0x000000061b000000, 0x000000061b000000, 0x000000061b200000|  0%| F|  |TAMS 0x000000061b000000, 0x000000061b000000| Untracked 
| 211|0x000000061b200000, 0x000000061b200000, 0x000000061b400000|  0%| F|  |TAMS 0x000000061b200000, 0x000000061b200000| Untracked 
| 212|0x000000061b400000, 0x000000061b400000, 0x000000061b600000|  0%| F|  |TAMS 0x000000061b400000, 0x000000061b400000| Untracked 
| 213|0x000000061b600000, 0x000000061b600000, 0x000000061b800000|  0%| F|  |TAMS 0x000000061b600000, 0x000000061b600000| Untracked 
| 214|0x000000061b800000, 0x000000061b800000, 0x000000061ba00000|  0%| F|  |TAMS 0x000000061b800000, 0x000000061b800000| Untracked 
| 215|0x000000061ba00000, 0x000000061ba00000, 0x000000061bc00000|  0%| F|  |TAMS 0x000000061ba00000, 0x000000061ba00000| Untracked 
| 216|0x000000061bc00000, 0x000000061bc00000, 0x000000061be00000|  0%| F|  |TAMS 0x000000061bc00000, 0x000000061bc00000| Untracked 
| 217|0x000000061be00000, 0x000000061be00000, 0x000000061c000000|  0%| F|  |TAMS 0x000000061be00000, 0x000000061be00000| Untracked 
| 218|0x000000061c000000, 0x000000061c200000, 0x000000061c200000|100%| E|  |TAMS 0x000000061c000000, 0x000000061c000000| Complete 
| 219|0x000000061c200000, 0x000000061c400000, 0x000000061c400000|100%| E|CS|TAMS 0x000000061c200000, 0x000000061c200000| Complete 
| 220|0x000000061c400000, 0x000000061c600000, 0x000000061c600000|100%| E|CS|TAMS 0x000000061c400000, 0x000000061c400000| Complete 
| 221|0x000000061c600000, 0x000000061c800000, 0x000000061c800000|100%| E|CS|TAMS 0x000000061c600000, 0x000000061c600000| Complete 
| 222|0x000000061c800000, 0x000000061ca00000, 0x000000061ca00000|100%| E|CS|TAMS 0x000000061c800000, 0x000000061c800000| Complete 
| 223|0x000000061ca00000, 0x000000061cc00000, 0x000000061cc00000|100%| E|CS|TAMS 0x000000061ca00000, 0x000000061ca00000| Complete 
| 224|0x000000061cc00000, 0x000000061ce00000, 0x000000061ce00000|100%| E|CS|TAMS 0x000000061cc00000, 0x000000061cc00000| Complete 
| 225|0x000000061ce00000, 0x000000061d000000, 0x000000061d000000|100%| E|CS|TAMS 0x000000061ce00000, 0x000000061ce00000| Complete 
| 226|0x000000061d000000, 0x000000061d200000, 0x000000061d200000|100%| E|CS|TAMS 0x000000061d000000, 0x000000061d000000| Complete 
| 227|0x000000061d200000, 0x000000061d400000, 0x000000061d400000|100%| E|CS|TAMS 0x000000061d200000, 0x000000061d200000| Complete 
| 228|0x000000061d400000, 0x000000061d600000, 0x000000061d600000|100%| E|CS|TAMS 0x000000061d400000, 0x000000061d400000| Complete 
| 229|0x000000061d600000, 0x000000061d800000, 0x000000061d800000|100%| E|CS|TAMS 0x000000061d600000, 0x000000061d600000| Complete 
| 230|0x000000061d800000, 0x000000061da00000, 0x000000061da00000|100%| E|CS|TAMS 0x000000061d800000, 0x000000061d800000| Complete 
| 231|0x000000061da00000, 0x000000061dc00000, 0x000000061dc00000|100%| E|CS|TAMS 0x000000061da00000, 0x000000061da00000| Complete 
| 232|0x000000061dc00000, 0x000000061de00000, 0x000000061de00000|100%| E|CS|TAMS 0x000000061dc00000, 0x000000061dc00000| Complete 
| 233|0x000000061de00000, 0x000000061e000000, 0x000000061e000000|100%| E|CS|TAMS 0x000000061de00000, 0x000000061de00000| Complete 
| 234|0x000000061e000000, 0x000000061e200000, 0x000000061e200000|100%| E|CS|TAMS 0x000000061e000000, 0x000000061e000000| Complete 
| 235|0x000000061e200000, 0x000000061e400000, 0x000000061e400000|100%| E|CS|TAMS 0x000000061e200000, 0x000000061e200000| Complete 
| 236|0x000000061e400000, 0x000000061e600000, 0x000000061e600000|100%| E|CS|TAMS 0x000000061e400000, 0x000000061e400000| Complete 
| 237|0x000000061e600000, 0x000000061e800000, 0x000000061e800000|100%| E|CS|TAMS 0x000000061e600000, 0x000000061e600000| Complete 
| 238|0x000000061e800000, 0x000000061ea00000, 0x000000061ea00000|100%| E|CS|TAMS 0x000000061e800000, 0x000000061e800000| Complete 
| 239|0x000000061ea00000, 0x000000061ec00000, 0x000000061ec00000|100%| E|CS|TAMS 0x000000061ea00000, 0x000000061ea00000| Complete 
| 240|0x000000061ec00000, 0x000000061ee00000, 0x000000061ee00000|100%| E|CS|TAMS 0x000000061ec00000, 0x000000061ec00000| Complete 
| 241|0x000000061ee00000, 0x000000061f000000, 0x000000061f000000|100%| E|CS|TAMS 0x000000061ee00000, 0x000000061ee00000| Complete 
| 242|0x000000061f000000, 0x000000061f152028, 0x000000061f200000| 66%| S|CS|TAMS 0x000000061f000000, 0x000000061f000000| Complete 
| 243|0x000000061f200000, 0x000000061f400000, 0x000000061f400000|100%| S|CS|TAMS 0x000000061f200000, 0x000000061f200000| Complete 
| 244|0x000000061f400000, 0x000000061f600000, 0x000000061f600000|100%| E|CS|TAMS 0x000000061f400000, 0x000000061f400000| Complete 
| 245|0x000000061f600000, 0x000000061f800000, 0x000000061f800000|100%| E|CS|TAMS 0x000000061f600000, 0x000000061f600000| Complete 
| 246|0x000000061f800000, 0x000000061fa00000, 0x000000061fa00000|100%| E|CS|TAMS 0x000000061f800000, 0x000000061f800000| Complete 
| 247|0x000000061fa00000, 0x000000061fc00000, 0x000000061fc00000|100%| E|CS|TAMS 0x000000061fa00000, 0x000000061fa00000| Complete 
| 248|0x000000061fc00000, 0x000000061fe00000, 0x000000061fe00000|100%| E|CS|TAMS 0x000000061fc00000, 0x000000061fc00000| Complete 
| 249|0x000000061fe00000, 0x0000000620000000, 0x0000000620000000|100%| E|CS|TAMS 0x000000061fe00000, 0x000000061fe00000| Complete 
| 250|0x0000000620000000, 0x0000000620200000, 0x0000000620200000|100%| E|CS|TAMS 0x0000000620000000, 0x0000000620000000| Complete 
| 251|0x0000000620200000, 0x0000000620400000, 0x0000000620400000|100%| E|CS|TAMS 0x0000000620200000, 0x0000000620200000| Complete 
| 252|0x0000000620400000, 0x0000000620600000, 0x0000000620600000|100%| E|CS|TAMS 0x0000000620400000, 0x0000000620400000| Complete 
| 253|0x0000000620600000, 0x0000000620800000, 0x0000000620800000|100%| E|CS|TAMS 0x0000000620600000, 0x0000000620600000| Complete 
| 254|0x0000000620800000, 0x0000000620a00000, 0x0000000620a00000|100%| E|CS|TAMS 0x0000000620800000, 0x0000000620800000| Complete 
| 255|0x0000000620a00000, 0x0000000620c00000, 0x0000000620c00000|100%| E|CS|TAMS 0x0000000620a00000, 0x0000000620a00000| Complete 

Card table byte_map: [0x0000022fea260000,0x0000022feb260000] _byte_map_base: 0x0000022fe725a000

Marking Bits (Prev, Next): (CMBitMap*) 0x0000022fd14038a0, (CMBitMap*) 0x0000022fd1403868
 Prev Bits: [0x0000022ff4230000, 0x0000022ffc200000)
 Next Bits: [0x0000022fec260000, 0x0000022ff4230000)

Polling page: 0x0000022fcf2c0000

Metaspace:

Usage:
  Non-class:     23.76 MB capacity,    23.51 MB ( 99%) used,   218.67 KB ( <1%) free+waste,    36.06 KB ( <1%) overhead. 
      Class:      3.03 MB capacity,     2.94 MB ( 97%) used,    78.52 KB (  3%) free+waste,    14.25 KB ( <1%) overhead. 
       Both:     26.79 MB capacity,    26.45 MB ( 99%) used,   297.19 KB (  1%) free+waste,    50.31 KB ( <1%) overhead. 

Virtual space:
  Non-class space:       24.00 MB reserved,      23.92 MB (>99%) committed 
      Class space:        1.00 GB reserved,       3.13 MB ( <1%) committed 
             Both:        1.02 GB reserved,      27.05 MB (  3%) committed 

Chunk freelists:
   Non-Class:  40.00 KB
       Class:  4.00 KB
        Both:  44.00 KB

MaxMetaspaceSize: 17179869184.00 GB
CompressedClassSpaceSize: 1.00 GB

CodeHeap 'non-profiled nmethods': size=119168Kb used=2573Kb max_used=2573Kb free=116595Kb
 bounds [0x0000022fe1580000, 0x0000022fe1810000, 0x0000022fe89e0000]
CodeHeap 'profiled nmethods': size=119168Kb used=10610Kb max_used=10610Kb free=108557Kb
 bounds [0x0000022fda120000, 0x0000022fdab80000, 0x0000022fe1580000]
CodeHeap 'non-nmethods': size=7424Kb used=2851Kb max_used=2930Kb free=4572Kb
 bounds [0x0000022fd99e0000, 0x0000022fd9cc0000, 0x0000022fda120000]
 total_blobs=5056 nmethods=4554 adapters=408
 compilation: enabled
              stopped_count=0, restarted_count=0
 full_count=0

Compilation events (20 events):
Event: 1.908 Thread 0x0000022f82634800 4548       4       jdk.internal.jimage.ImageStringsReader::charsFromByteBuffer (186 bytes)
Event: 1.909 Thread 0x0000022f839f3000 nmethod 3840 0x0000022fe17f2e10 code [0x0000022fe17f36c0, 0x0000022fe17fbdb0]
Event: 1.910 Thread 0x0000022ffff01800 nmethod 4547 0x0000022fe1801390 code [0x0000022fe1801540, 0x0000022fe1801678]
Event: 1.911 Thread 0x0000022fffd1f800 4549       3       java.io.FileInputStream::read (9 bytes)
Event: 1.911 Thread 0x0000022fffd1f800 nmethod 4549 0x0000022fdab7a110 code [0x0000022fdab7a2c0, 0x0000022fdab7a408]
Event: 1.912 Thread 0x0000022f82634800 nmethod 4548 0x0000022fe1801810 code [0x0000022fe18019c0, 0x0000022fe1801d18]
Event: 1.913 Thread 0x0000022fff34b800 4550       3       java.io.WinNTFileSystem::normalize (143 bytes)
Event: 1.913 Thread 0x0000022fff34b800 nmethod 4550 0x0000022fdab7a510 code [0x0000022fdab7a7a0, 0x0000022fdab7b2f8]
Event: 1.916 Thread 0x0000022f8119a000 4551   !   3       java.nio.DirectByteBuffer::put (32 bytes)
Event: 1.916 Thread 0x0000022f818d5000 4552       3       jdk.internal.misc.Unsafe::putByte (8 bytes)
Event: 1.916 Thread 0x0000022fffd12800 4554       4       java.lang.ref.Reference::reachabilityFence (1 bytes)
Event: 1.917 Thread 0x0000022f80746000 4555       4       java.nio.DirectByteBuffer::ix (10 bytes)
Event: 1.917 Thread 0x0000022f818d5000 nmethod 4552 0x0000022fdab7b790 code [0x0000022fdab7b940, 0x0000022fdab7ba58]
Event: 1.917 Thread 0x0000022f8119a000 nmethod 4551 0x0000022fdab7bb10 code [0x0000022fdab7bce0, 0x0000022fdab7bfd8]
Event: 1.917 Thread 0x0000022fffd12800 nmethod 4554 0x0000022fe1802390 code [0x0000022fe1802520, 0x0000022fe1802558]
Event: 1.917 Thread 0x0000022f80746000 nmethod 4555 0x0000022fe1802610 code [0x0000022fe18027a0, 0x0000022fe1802818]
Event: 1.921 Thread 0x0000022fffd1f800 4558       3       jdk.internal.org.objectweb.asm.MethodWriter::visitInsn (114 bytes)
Event: 1.921 Thread 0x0000022fffd1f800 nmethod 4558 0x0000022fdab7c210 code [0x0000022fdab7c400, 0x0000022fdab7c828]
Event: 1.921 Thread 0x0000022f839f3000 4559       4       java.util.StringTokenizer::scanToken (179 bytes)
Event: 1.926 Thread 0x0000022f839f3000 nmethod 4559 0x0000022fe1802c90 code [0x0000022fe1802e20, 0x0000022fe1803198]

GC Heap History (6 events):
Event: 0.351 GC heap before
{Heap before GC invocations=0 (full 0):
 garbage-first heap   total 524288K, used 22528K [0x0000000600c00000, 0x0000000800000000)
  region size 2048K, 12 young (24576K), 0 survivors (0K)
 Metaspace       used 9812K, capacity 9910K, committed 9984K, reserved 1058816K
  class space    used 900K, capacity 958K, committed 1024K, reserved 1048576K
}
Event: 0.355 GC heap after
{Heap after GC invocations=1 (full 0):
 garbage-first heap   total 524288K, used 6456K [0x0000000600c00000, 0x0000000800000000)
  region size 2048K, 2 young (4096K), 2 survivors (4096K)
 Metaspace       used 9812K, capacity 9910K, committed 9984K, reserved 1058816K
  class space    used 900K, capacity 958K, committed 1024K, reserved 1048576K
}
Event: 1.036 GC heap before
{Heap before GC invocations=1 (full 0):
 garbage-first heap   total 524288K, used 90424K [0x0000000600c00000, 0x0000000800000000)
  region size 2048K, 44 young (90112K), 2 survivors (4096K)
 Metaspace       used 20930K, capacity 21124K, committed 21296K, reserved 1069056K
  class space    used 2353K, capacity 2401K, committed 2432K, reserved 1048576K
}
Event: 1.044 GC heap after
{Heap after GC invocations=2 (full 0):
 garbage-first heap   total 524288K, used 17038K [0x0000000600c00000, 0x0000000800000000)
  region size 2048K, 8 young (16384K), 8 survivors (16384K)
 Metaspace       used 20930K, capacity 21124K, committed 21296K, reserved 1069056K
  class space    used 2353K, capacity 2401K, committed 2432K, reserved 1048576K
}
Event: 1.379 GC heap before
{Heap before GC invocations=3 (full 0):
 garbage-first heap   total 524288K, used 41614K [0x0000000600c00000, 0x0000000800000000)
  region size 2048K, 20 young (40960K), 8 survivors (16384K)
 Metaspace       used 24488K, capacity 24755K, committed 24880K, reserved 1071104K
  class space    used 2788K, capacity 2897K, committed 2944K, reserved 1048576K
}
Event: 1.385 GC heap after
{Heap after GC invocations=4 (full 0):
 garbage-first heap   total 524288K, used 20331K [0x0000000600c00000, 0x0000000800000000)
  region size 2048K, 2 young (4096K), 2 survivors (4096K)
 Metaspace       used 24488K, capacity 24755K, committed 24880K, reserved 1071104K
  class space    used 2788K, capacity 2897K, committed 2944K, reserved 1048576K
}

Deoptimization events (20 events):
Event: 1.843 Thread 0x0000022fd137b800 Uncommon trap: trap_request=0xffffff4d fr.pc=0x0000022fe168a4b0 relative=0x0000000000003550
Event: 1.843 Thread 0x0000022fd137b800 Uncommon trap: reason=unstable_if action=reinterpret pc=0x0000022fe168a4b0 method=jdk.internal.loader.URLClassPath.getResource(Ljava/lang/String;Z)Ljdk/internal/loader/Resource; @ 47 c2
Event: 1.843 Thread 0x0000022fd137b800 DEOPT PACKING pc=0x0000022fe168a4b0 sp=0x000000b5444f9d50
Event: 1.843 Thread 0x0000022fd137b800 DEOPT UNPACKING pc=0x0000022fd9a0772f sp=0x000000b5444f9d80 mode 2
Event: 1.852 Thread 0x0000022fd137b800 Uncommon trap: trap_request=0xffffffc6 fr.pc=0x0000022fe17771ac relative=0x000000000000008c
Event: 1.852 Thread 0x0000022fd137b800 Uncommon trap: reason=bimorphic_or_optimized_type_check action=maybe_recompile pc=0x0000022fe17771ac method=java.util.AbstractList$Itr.hasNext()Z @ 8 c2
Event: 1.852 Thread 0x0000022fd137b800 DEOPT PACKING pc=0x0000022fe17771ac sp=0x000000b5444fa6a0
Event: 1.853 Thread 0x0000022fd137b800 DEOPT UNPACKING pc=0x0000022fd9a0772f sp=0x000000b5444fa638 mode 2
Event: 1.853 Thread 0x0000022fd137b800 Uncommon trap: trap_request=0xffffffc6 fr.pc=0x0000022fe1778d2c relative=0x00000000000000ec
Event: 1.853 Thread 0x0000022fd137b800 Uncommon trap: reason=bimorphic_or_optimized_type_check action=maybe_recompile pc=0x0000022fe1778d2c method=java.util.AbstractList$Itr.next()Ljava/lang/Object; @ 14 c2
Event: 1.853 Thread 0x0000022fd137b800 DEOPT PACKING pc=0x0000022fe1778d2c sp=0x000000b5444fa6a0
Event: 1.853 Thread 0x0000022fd137b800 DEOPT UNPACKING pc=0x0000022fd9a0772f sp=0x000000b5444fa628 mode 2
Event: 1.903 Thread 0x0000022fd137b800 Uncommon trap: trap_request=0xffffff4d fr.pc=0x0000022fe160f87c relative=0x00000000000016bc
Event: 1.903 Thread 0x0000022fd137b800 Uncommon trap: reason=unstable_if action=reinterpret pc=0x0000022fe160f87c method=java.io.WinNTFileSystem.normalize(Ljava/lang/String;)Ljava/lang/String; @ 128 c2
Event: 1.903 Thread 0x0000022fd137b800 DEOPT PACKING pc=0x0000022fe160f87c sp=0x000000b5444f8810
Event: 1.903 Thread 0x0000022fd137b800 DEOPT UNPACKING pc=0x0000022fd9a0772f sp=0x000000b5444f87e8 mode 2
Event: 1.920 Thread 0x0000022fd137b800 Uncommon trap: trap_request=0xffffff4d fr.pc=0x0000022fe172b638 relative=0x0000000000000098
Event: 1.920 Thread 0x0000022fd137b800 Uncommon trap: reason=unstable_if action=reinterpret pc=0x0000022fe172b638 method=java.lang.reflect.AccessibleObject.checkCanSetAccessible(Ljava/lang/Class;Ljava/lang/Class;Z)Z @ 42 c2
Event: 1.920 Thread 0x0000022fd137b800 DEOPT PACKING pc=0x0000022fe172b638 sp=0x000000b5444f96d0
Event: 1.920 Thread 0x0000022fd137b800 DEOPT UNPACKING pc=0x0000022fd9a0772f sp=0x000000b5444f9630 mode 2

Classes redefined (0 events):
No events

Internal exceptions (20 events):
Event: 0.346 Thread 0x0000022fd137b800 Exception <a 'java/lang/ClassNotFoundException'{0x000000061f5afc90}: org/apache/log4j/PatternLayoutCustomizer> (0x000000061f5afc90) thrown at [./src/hotspot/share/classfile/systemDictionary.cpp, line 231]
Event: 0.348 Thread 0x0000022fd137b800 Implicit null exception at 0x0000022fe15c2f74 to 0x0000022fe15c34e8
Event: 1.029 Thread 0x0000022fd137b800 Implicit null exception at 0x0000022fe15c3c74 to 0x0000022fe15c4210
Event: 1.148 Thread 0x0000022fd137b800 Implicit null exception at 0x0000022fe16063d3 to 0x0000022fe1606d6c
Event: 1.281 Thread 0x0000022fd137b800 Implicit null exception at 0x0000022fe16a9af0 to 0x0000022fe16ab160
Event: 1.373 Thread 0x0000022fd137b800 Exception <a 'java/io/FileNotFoundException'{0x000000061f5c2d20}> (0x000000061f5c2d20) thrown at [./src/hotspot/share/prims/jni.cpp, line 615]
Event: 1.378 Thread 0x0000022fd137b800 Exception <a 'java/io/FileNotFoundException'{0x000000061f5ec9e0}> (0x000000061f5ec9e0) thrown at [./src/hotspot/share/prims/jni.cpp, line 615]
Event: 1.394 Thread 0x0000022fd137b800 Exception <a 'java/io/FileNotFoundException'{0x0000000620a9f798}> (0x0000000620a9f798) thrown at [./src/hotspot/share/prims/jni.cpp, line 615]
Event: 1.398 Thread 0x0000022fd137b800 Exception <a 'java/io/FileNotFoundException'{0x0000000620ad28a0}> (0x0000000620ad28a0) thrown at [./src/hotspot/share/prims/jni.cpp, line 615]
Event: 1.436 Thread 0x0000022fd137b800 Exception <a 'java/io/FileNotFoundException'{0x00000006208f33e0}> (0x00000006208f33e0) thrown at [./src/hotspot/share/prims/jni.cpp, line 615]
Event: 1.443 Thread 0x0000022fd137b800 Exception <a 'java/io/FileNotFoundException'{0x00000006209ca598}> (0x00000006209ca598) thrown at [./src/hotspot/share/prims/jni.cpp, line 615]
Event: 1.552 Thread 0x0000022fd137b800 Exception <a 'java/lang/reflect/InvocationTargetException'{0x000000061fc81fd8}> (0x000000061fc81fd8) thrown at [./src/hotspot/share/runtime/reflection.cpp, line 1247]
Event: 1.854 Thread 0x0000022fd137b800 Exception <a 'java/lang/NoSuchMethodError'{0x000000061c3d1068}: 'java.lang.Object java.lang.invoke.DirectMethodHandle$Holder.invokeStaticInit(java.lang.Object, int, int, int, int)'> (0x000000061c3d1068) thrown at [./src/hotspot/share/interpreter/linkResolver.cpp, line 773]
Event: 1.906 Thread 0x0000022fd137b800 Exception <a 'java/lang/NoSuchMethodError'{0x000000061c3fcaf8}: 'java.lang.Object java.lang.invoke.DirectMethodHandle$Holder.invokeStaticInit(java.lang.Object, java.lang.Object, int, int, int, int)'> (0x000000061c3fcaf8) thrown at [./src/hotspot/share/interpreter/linkResolver.cpp, line 773]
Event: 1.920 Thread 0x0000022fd137b800 Exception <a 'java/security/PrivilegedActionException'{0x000000061c0b8320}> (0x000000061c0b8320) thrown at [./src/hotspot/share/prims/jvm.cpp, line 1297]
Event: 1.920 Thread 0x0000022fd137b800 Exception <a 'java/security/PrivilegedActionException'{0x000000061c0b9a68}> (0x000000061c0b9a68) thrown at [./src/hotspot/share/prims/jvm.cpp, line 1297]
Event: 1.920 Thread 0x0000022fd137b800 Exception <a 'java/security/PrivilegedActionException'{0x000000061c0bb0d0}> (0x000000061c0bb0d0) thrown at [./src/hotspot/share/prims/jvm.cpp, line 1297]
Event: 1.921 Thread 0x0000022fd137b800 Exception <a 'java/security/PrivilegedActionException'{0x000000061c0c7c78}> (0x000000061c0c7c78) thrown at [./src/hotspot/share/prims/jvm.cpp, line 1297]
Event: 1.921 Thread 0x0000022fd137b800 Exception <a 'java/security/PrivilegedActionException'{0x000000061c0c92d8}> (0x000000061c0c92d8) thrown at [./src/hotspot/share/prims/jvm.cpp, line 1297]
Event: 1.921 Thread 0x0000022fd137b800 Exception <a 'java/security/PrivilegedActionException'{0x000000061c0ca8f8}> (0x000000061c0ca8f8) thrown at [./src/hotspot/share/prims/jvm.cpp, line 1297]

Events (20 events):
Event: 1.925 loading class java/nio/charset/CharacterCodingException
Event: 1.925 loading class java/nio/charset/CharacterCodingException done
Event: 1.925 loading class org/lwjgl/MemoryUtil$Accessor
Event: 1.925 loading class org/lwjgl/MemoryUtil$Accessor done
Event: 1.925 loading class org/lwjgl/MemoryUtilSun$AccessorUnsafe
Event: 1.925 loading class org/lwjgl/MemoryUtilSun$AccessorUnsafe done
Event: 1.926 loading class sun/misc/Unsafe
Event: 1.926 loading class sun/misc/Unsafe done
Event: 1.926 loading class org/lwjgl/MemoryUtilSun
Event: 1.926 loading class org/lwjgl/MemoryUtilSun done
Event: 1.926 loading class org/lwjgl/MemoryUtilSun$AccessorReflectFast
Event: 1.926 loading class org/lwjgl/MemoryUtilSun$AccessorReflectFast done
Event: 1.934 loading class org/lwjgl/openal/ALCdevice
Event: 1.934 loading class org/lwjgl/openal/ALCdevice done
Event: 1.934 loading class org/lwjgl/openal/ALCcontext
Event: 1.934 loading class org/lwjgl/openal/ALCcontext done
Event: 1.934 loading class org/lwjgl/openal/Util
Event: 1.934 loading class org/lwjgl/openal/Util done
Event: 1.934 loading class org/lwjgl/openal/OpenALException
Event: 1.934 loading class org/lwjgl/openal/OpenALException done


Dynamic libraries:
0x00007ff757600000 - 0x00007ff75760d000 	G:\Program Files\AdoptOpenJDK\jdk-11.0.8.10-hotspot\bin\javaw.exe
0x00007ffa3bc30000 - 0x00007ffa3be26000 	C:\Windows\SYSTEM32\ntdll.dll
0x00007ffa39c90000 - 0x00007ffa39d4d000 	C:\Windows\System32\KERNEL32.DLL
0x00007ffa39760000 - 0x00007ffa39a28000 	C:\Windows\System32\KERNELBASE.dll
0x00007ffa39a80000 - 0x00007ffa39b80000 	C:\Windows\System32\ucrtbase.dll
0x00007ffa2d4d0000 - 0x00007ffa2d4e7000 	G:\Program Files\AdoptOpenJDK\jdk-11.0.8.10-hotspot\bin\jli.dll
0x00007ffa2d4b0000 - 0x00007ffa2d4c5000 	G:\Program Files\AdoptOpenJDK\jdk-11.0.8.10-hotspot\bin\VCRUNTIME140.dll
0x00007ffa3aaa0000 - 0x00007ffa3ac40000 	C:\Windows\System32\USER32.dll
0x00007ffa39500000 - 0x00007ffa39522000 	C:\Windows\System32\win32u.dll
0x00007ffa2a0c0000 - 0x00007ffa2a35b000 	C:\Windows\WinSxS\amd64_microsoft.windows.common-controls_6595b64144ccf1df_6.0.19041.488_none_ca04af081b815d21\COMCTL32.dll
0x00007ffa3a030000 - 0x00007ffa3a05a000 	C:\Windows\System32\GDI32.dll
0x00007ffa3b360000 - 0x00007ffa3b3fe000 	C:\Windows\System32\msvcrt.dll
0x00007ffa39370000 - 0x00007ffa39479000 	C:\Windows\System32\gdi32full.dll
0x00007ffa396c0000 - 0x00007ffa3975d000 	C:\Windows\System32\msvcp_win.dll
0x00007ffa39f20000 - 0x00007ffa39f50000 	C:\Windows\System32\IMM32.DLL
0x00007ffa291c0000 - 0x00007ffa2925b000 	G:\Program Files\AdoptOpenJDK\jdk-11.0.8.10-hotspot\bin\msvcp140.dll
0x00007ff9eb8e0000 - 0x00007ff9ec39d000 	G:\Program Files\AdoptOpenJDK\jdk-11.0.8.10-hotspot\bin\server\jvm.dll
0x00007ffa3b520000 - 0x00007ffa3b5cc000 	C:\Windows\System32\ADVAPI32.dll
0x00007ffa39e00000 - 0x00007ffa39e9b000 	C:\Windows\System32\sechost.dll
0x00007ffa3a060000 - 0x00007ffa3a183000 	C:\Windows\System32\RPCRT4.dll
0x00007ffa3a330000 - 0x00007ffa3a338000 	C:\Windows\System32\PSAPI.DLL
0x00007ffa24d60000 - 0x00007ffa24d69000 	C:\Windows\SYSTEM32\WSOCK32.dll
0x00007ffa24370000 - 0x00007ffa24397000 	C:\Windows\SYSTEM32\WINMM.dll
0x00007ffa3b490000 - 0x00007ffa3b4fb000 	C:\Windows\System32\WS2_32.dll
0x00007ffa30850000 - 0x00007ffa3085a000 	C:\Windows\SYSTEM32\VERSION.dll
0x00007ffa372e0000 - 0x00007ffa372f2000 	C:\Windows\SYSTEM32\kernel.appcore.dll
0x00007ffa348b0000 - 0x00007ffa348c0000 	G:\Program Files\AdoptOpenJDK\jdk-11.0.8.10-hotspot\bin\verify.dll
0x00007ffa31fe0000 - 0x00007ffa321c4000 	C:\Windows\SYSTEM32\DBGHELP.DLL
0x00007ffa21d90000 - 0x00007ffa21dbc000 	C:\Windows\SYSTEM32\dbgcore.DLL
0x00007ffa39480000 - 0x00007ffa394ff000 	C:\Windows\System32\bcryptPrimitives.dll
0x00007ffa29190000 - 0x00007ffa291b8000 	G:\Program Files\AdoptOpenJDK\jdk-11.0.8.10-hotspot\bin\java.dll
0x00007ffa32630000 - 0x00007ffa3263a000 	G:\Program Files\AdoptOpenJDK\jdk-11.0.8.10-hotspot\bin\jimage.dll
0x00007ffa29170000 - 0x00007ffa29187000 	G:\Program Files\AdoptOpenJDK\jdk-11.0.8.10-hotspot\bin\zip.dll
0x00007ffa3a340000 - 0x00007ffa3aa81000 	C:\Windows\System32\SHELL32.dll
0x00007ffa374e0000 - 0x00007ffa37c75000 	C:\Windows\SYSTEM32\windows.storage.dll
0x00007ffa3afa0000 - 0x00007ffa3b2f5000 	C:\Windows\System32\combase.dll
0x00007ffa38de0000 - 0x00007ffa38e0c000 	C:\Windows\SYSTEM32\Wldp.dll
0x00007ffa39d50000 - 0x00007ffa39dfe000 	C:\Windows\System32\SHCORE.dll
0x00007ffa3b300000 - 0x00007ffa3b355000 	C:\Windows\System32\shlwapi.dll
0x00007ffa392a0000 - 0x00007ffa392c6000 	C:\Windows\SYSTEM32\profapi.dll
0x00007ffa29150000 - 0x00007ffa29169000 	G:\Program Files\AdoptOpenJDK\jdk-11.0.8.10-hotspot\bin\net.dll
0x00007ffa31100000 - 0x00007ffa31200000 	C:\Windows\SYSTEM32\WINHTTP.dll
0x00007ffa38b60000 - 0x00007ffa38bca000 	C:\Windows\system32\mswsock.dll
0x00007ffa29130000 - 0x00007ffa29142000 	G:\Program Files\AdoptOpenJDK\jdk-11.0.8.10-hotspot\bin\nio.dll
0x0000000065580000 - 0x0000000065616000 	C:\Users\Valentino\AppData\Local\Temp\libgdxValentino\12dfaa03\gdx64.dll
0x00007ffa38d30000 - 0x00007ffa38d48000 	C:\Windows\SYSTEM32\CRYPTSP.dll
0x00007ffa38480000 - 0x00007ffa384b4000 	C:\Windows\system32\rsaenh.dll
0x00007ffa39690000 - 0x00007ffa396b7000 	C:\Windows\System32\bcrypt.dll
0x00007ffa39220000 - 0x00007ffa3924e000 	C:\Windows\SYSTEM32\USERENV.dll
0x00007ffa38d50000 - 0x00007ffa38d5c000 	C:\Windows\SYSTEM32\CRYPTBASE.dll
0x00007ffa38800000 - 0x00007ffa3883b000 	C:\Windows\SYSTEM32\IPHLPAPI.DLL
0x00007ffa39f50000 - 0x00007ffa39f58000 	C:\Windows\System32\NSI.dll
0x00007ffa32530000 - 0x00007ffa32547000 	C:\Windows\SYSTEM32\dhcpcsvc6.DLL
0x00007ffa323a0000 - 0x00007ffa323bd000 	C:\Windows\SYSTEM32\dhcpcsvc.DLL
0x00007ffa38840000 - 0x00007ffa3890b000 	C:\Windows\SYSTEM32\DNSAPI.dll
0x0000000180000000 - 0x0000000180053000 	C:\Users\Valentino\AppData\Local\Temp\libgdxValentino\dc0f0009\lwjgl64.dll
0x00007ffa0eda0000 - 0x00007ffa0eec5000 	C:\Windows\SYSTEM32\OPENGL32.dll
0x00007ffa0ead0000 - 0x00007ffa0eafc000 	C:\Windows\SYSTEM32\GLU32.dll
0x0000022f86a90000 - 0x0000022f86af4000 	C:\Users\VALENT~1\AppData\Local\Temp\libgdxValentino\dc0f0009\OpenAL64.dll
0x00007ffa3acf0000 - 0x00007ffa3ae1a000 	C:\Windows\System32\ole32.dll
0x00007ffa36e20000 - 0x00007ffa36ebe000 	C:\Windows\system32\uxtheme.dll
0x00007ffa3ac40000 - 0x00007ffa3ace9000 	C:\Windows\System32\clbcatq.dll
0x00007ffa20c10000 - 0x00007ffa20cac000 	C:\Windows\SYSTEM32\dsound.dll
0x00007ffa38970000 - 0x00007ffa389bb000 	C:\Windows\SYSTEM32\powrprof.dll
0x00007ffa2e4f0000 - 0x00007ffa2e516000 	C:\Windows\SYSTEM32\winmmbase.dll
0x00007ffa387e0000 - 0x00007ffa387f2000 	C:\Windows\SYSTEM32\UMPDC.dll
0x00007ffa30500000 - 0x00007ffa30585000 	C:\Windows\System32\MMDevApi.dll
0x00007ffa39120000 - 0x00007ffa3914c000 	C:\Windows\System32\DEVOBJ.dll
0x00007ffa39a30000 - 0x00007ffa39a7e000 	C:\Windows\System32\cfgmgr32.dll
0x00007ffa2b5d0000 - 0x00007ffa2b751000 	C:\Windows\SYSTEM32\AUDIOSES.DLL
0x00007ffa39f60000 - 0x00007ffa3a02d000 	C:\Windows\System32\OLEAUT32.dll

dbghelp: loaded successfully - version: 4.0.5 - missing functions: none
symbol engine: initialized successfully - sym options: 0x614 - pdb path: .;G:\Program Files\AdoptOpenJDK\jdk-11.0.8.10-hotspot\bin;C:\Windows\SYSTEM32;C:\Windows\WinSxS\amd64_microsoft.windows.common-controls_6595b64144ccf1df_6.0.19041.488_none_ca04af081b815d21;G:\Program Files\AdoptOpenJDK\jdk-11.0.8.10-hotspot\bin\server;C:\Users\Valentino\AppData\Local\Temp\libgdxValentino\12dfaa03;C:\Users\Valentino\AppData\Local\Temp\libgdxValentino\dc0f0009;C:\Users\VALENT~1\AppData\Local\Temp\libgdxValentino\dc0f0009

VM Arguments:
jvm_args: -Duser.language=es_AR -Dfile.encoding=UTF-8 
java_command: org.uqbar.project.wollok.launch.WollokLauncher -requestsPort 0 -eventsPort 0 -folder -dontValidate -wf src/game.wpgm -darkMode
java_class_path (initial): G:\Google Drive\UTN\2020\pdep\Objetos\2020-o-tpi-juego-taxisdecars\bin;G:\Program Files\wollok-win32.win32.x86_64\plugins\com.ibm.icu_64.2.0.v20190507-1337.jar;G:\Program Files\wollok-win32.win32.x86_64\plugins\org.eclipse.xtext_2.20.0.v20191202-0915.jar;G:\Program Files\wollok-win32.win32.x86_64\plugins\org.eclipse.emf.ecore.xmi_2.16.0.v20190528-0725.jar;G:\Program Files\wollok-win32.win32.x86_64\plugins\org.eclipse.emf.ecore_2.20.0.v20190920-0401.jar;G:\Program Files\wollok-win32.win32.x86_64\plugins\org.eclipse.emf.common_2.17.0.v20190920-0401.jar;G:\Program Files\wollok-win32.win32.x86_64\plugins\org.antlr.runtime_3.2.0.v201101311130.jar;G:\Program Files\wollok-win32.win32.x86_64\plugins\com.google.inject_3.0.0.v201605172100.jar;G:\Program Files\wollok-win32.win32.x86_64\plugins\org.eclipse.emf.mwe.core_1.5.1.v20191121-1148.jar;G:\Program Files\wollok-win32.win32.x86_64\plugins\org.apache.commons.cli_1.2.0.v201404270220.jar;G:\Program Files\wollok-win32.win32.x86_64\plugins\org.eclipse.emf.mwe2.runtime_2.11.1.v20191121-1148.jar;G:\Program Files\wollok-win32.win32.x86_64\plugins\org.eclipse.emf.mwe.utils_1.5.1.v20191121-1148.jar;G:\Program Files\wollok-win32.win32.x86_64\plugins\org.eclipse.xtext.util_2.20.0.v20191202-0915.jar;G:\Program Files\wollok-win32.win32.x86_64\plugins\com.google.guava_27.1.0.v20190517-1946.jar;G:\Program Files\wollok-win32.win32.x86_64\plugins\javax.inject_1.0.0.v20091030.jar;G:\Program Files\wollok-win32.win32.x86_64\plugins\org.eclipse.xtext.generator_2.20.0.v20191202-0933.jar;G:\Program Files\wollok-win32.win32.x86_64\plugins\org.eclipse.xtext.xtext.generator_2.20.0.v20191202-0915.jar;G:\Program Files\wollok-win32.win32.x86_64\plugins\org.eclipse.xtext.xbase.lib_2.20.0.v20191202-0907.jar;G:\Program Files\wollok-win32.win32.x86_64\plugins\org.eclipse.emf.codegen.ecore_2.20.0.v20191012-0918.jar;G:\Program Files\wollok-win32.win32.x86_64\plugins\org.eclipse.emf.codegen_2.19.0.v20190821-1536.jar;G:\Program Fil
Launcher Type: SUN_STANDARD

[Global flags]
     intx CICompilerCount                          = 12                                        {product} {ergonomic}
     uint ConcGCThreads                            = 3                                         {product} {ergonomic}
     uint G1ConcRefinementThreads                  = 13                                        {product} {ergonomic}
   size_t G1HeapRegionSize                         = 2097152                                   {product} {ergonomic}
    uintx GCDrainStackTargetSize                   = 64                                        {product} {ergonomic}
   size_t InitialHeapSize                          = 536870912                                 {product} {ergonomic}
   size_t MarkStackSize                            = 4194304                                   {product} {ergonomic}
   size_t MaxHeapSize                              = 8577351680                                {product} {ergonomic}
   size_t MaxNewSize                               = 5146411008                                {product} {ergonomic}
   size_t MinHeapDeltaBytes                        = 2097152                                   {product} {ergonomic}
    uintx NonNMethodCodeHeapSize                   = 7594288                                {pd product} {ergonomic}
    uintx NonProfiledCodeHeapSize                  = 122031976                              {pd product} {ergonomic}
    uintx ProfiledCodeHeapSize                     = 122031976                              {pd product} {ergonomic}
    uintx ReservedCodeCacheSize                    = 251658240                              {pd product} {ergonomic}
     bool SegmentedCodeCache                       = true                                      {product} {ergonomic}
     bool UseCompressedClassPointers               = true                                 {lp64_product} {ergonomic}
     bool UseCompressedOops                        = true                                 {lp64_product} {ergonomic}
     bool UseG1GC                                  = true                                      {product} {ergonomic}
     bool UseLargePagesIndividualAllocation        = false                                  {pd product} {ergonomic}

Logging:
Log output configuration:
 #0: stdout all=warning uptime,level,tags
 #1: stderr all=off uptime,level,tags

Environment Variables:
PATH=C:/Program Files/Java/jre1.8.0_231/bin/server;C:/Program Files/Java/jre1.8.0_231/bin;C:/Program Files/Java/jre1.8.0_231/lib/amd64;C:\Program Files (x86)\NVIDIA Corporation\PhysX\Common;C:\Program Files (x86)\Common Files\Oracle\Java\javapath;C:\Windows\system32;C:\Windows;C:\Windows\System32\Wbem;C:\Windows\System32\WindowsPowerShell\v1.0\;C:\Windows\System32\OpenSSH\;C:\MinGW\bin;G:\Flex\Flex_y_Bison\bin;G:\Flex\Flex_y_Bison\lib;C:\bin;C:\Program Files\Git\cmd;C:\Users\Valentino\AppData\Local\Microsoft\WindowsApps;G:\Users\Valentino\AppData\Local\Programs\Microsoft VS Code\bin;C:\Users\Valentino\AppData\Local\GitHubDesktop\bin;G:\Program Files\wollok-win32.win32.x86_64;
USERNAME=Valentino
OS=Windows_NT
PROCESSOR_IDENTIFIER=AMD64 Family 23 Model 113 Stepping 0, AuthenticAMD



---------------  S Y S T E M  ---------------

OS: Windows 10 , 64 bit Build 19041 (10.0.19041.546)
OS uptime: 0 days 7:03 hours

CPU:total 16 (initial active 16) (16 cores per cpu, 2 threads per core) family 23 model 113 stepping 0, cmov, cx8, fxsr, mmx, sse, sse2, sse3, ssse3, sse4.1, sse4.2, popcnt, avx, avx2, aes, clmul, mmxext, 3dnowpref, lzcnt, sse4a, ht, tsc, tscinvbit, tscinv, bmi1, bmi2, adx, sha, fma

Memory: 4k page, system-wide physical 32714M (25584M free)
TotalPageFile size 37578M (AvailPageFile size 24901M)
current process WorkingSet (physical memory assigned to process): 305M, peak: 316M
current process commit charge ("private bytes"): 750M, peak: 763M

vm_info: OpenJDK 64-Bit Server VM (11.0.8+10) for windows-amd64 JRE (11.0.8+10), built on Jul 15 2020 11:45:54 by "" with MS VC++ 15.9 (VS2017)

END.
